Detected locale "C" with character encoding "ANSI_X3.4-1968", which is not UTF-8.
Qt depends on a UTF-8 locale, and has switched to "C.UTF-8" instead.
If this causes problems, reconfigure your locale. See the locale(1) manual
for more information.
org.kde.startup: not a reply org.freedesktop.locale1 QDBusMessage(type=Error, service="", error name="org.freedesktop.DBus.Error.ServiceUnknown", error message="The name org.freedesktop.locale1 was not provided by any .service files", signature="s", contents=("The name org.freedesktop.locale1 was not provided by any .service files") )
dbus-daemon[2563]: [session uid=1000 pid=2563 pidfd=5] Activating service name='org.kde.KSplash' requested by ':1.0' (uid=1000 pid=2564 comm="startplasma-wayland")
Detected locale "C" with character encoding "ANSI_X3.4-1968", which is not UTF-8.
Qt depends on a UTF-8 locale, and has switched to "C.UTF-8" instead.
If this causes problems, reconfigure your locale. See the locale(1) manual
for more information.
Detected locale "C" with character encoding "ANSI_X3.4-1968", which is not UTF-8.
Qt depends on a UTF-8 locale, and has switched to "C.UTF-8" instead.
If this causes problems, reconfigure your locale. See the locale(1) manual
for more information.
Detected locale "C" with character encoding "ANSI_X3.4-1968", which is not UTF-8.
Qt depends on a UTF-8 locale, and has switched to "C.UTF-8" instead.
If this causes problems, reconfigure your locale. See the locale(1) manual
for more information.
Detected locale "C" with character encoding "ANSI_X3.4-1968", which is not UTF-8.
Qt depends on a UTF-8 locale, and has switched to "C.UTF-8" instead.
If this causes problems, reconfigure your locale. See the locale(1) manual
for more information.
dbus-daemon[2563]: [session uid=1000 pid=2563 pidfd=5] Activating service name='org.freedesktop.portal.Desktop' requested by ':1.4' (uid=1000 pid=2580 comm="/usr/bin/kcminit_startup")
dbus-daemon[2563]: [session uid=1000 pid=2563 pidfd=5] Activating service name='org.freedesktop.impl.portal.PermissionStore' requested by ':1.5' (uid=1000 pid=2583 comm="/usr/libexec/xdg-desktop-portal")
dbus-daemon[2563]: [session uid=1000 pid=2563 pidfd=5] Successfully activated service 'org.freedesktop.impl.portal.PermissionStore'
dbus-daemon[2563]: [session uid=1000 pid=2563 pidfd=5] Activating service name='org.freedesktop.portal.Documents' requested by ':1.5' (uid=1000 pid=2583 comm="/usr/libexec/xdg-desktop-portal")
Detected locale "C" with character encoding "ANSI_X3.4-1968", which is not UTF-8.
Qt depends on a UTF-8 locale, and has switched to "C.UTF-8" instead.
If this causes problems, reconfigure your locale. See the locale(1) manual
for more information.
dbus-daemon[2563]: [session uid=1000 pid=2563 pidfd=5] Successfully activated service 'org.freedesktop.portal.Documents'

(/usr/libexec/xdg-desktop-portal:2583): xdg-desktop-portal-WARNING **: 02:19:28.795: Failed to load RealtimeKit property: GDBus.Error:org.freedesktop.DBus.Error.ServiceUnknown: The name org.freedesktop.RealtimeKit1 was not provided by any .service files

(/usr/libexec/xdg-desktop-portal:2583): xdg-desktop-portal-WARNING **: 02:19:28.795: Failed to load RealtimeKit property: GDBus.Error:org.freedesktop.DBus.Error.ServiceUnknown: The name org.freedesktop.RealtimeKit1 was not provided by any .service files

(/usr/libexec/xdg-desktop-portal:2583): xdg-desktop-portal-WARNING **: 02:19:28.795: Failed to load RealtimeKit property: GDBus.Error:org.freedesktop.DBus.Error.ServiceUnknown: The name org.freedesktop.RealtimeKit1 was not provided by any .service files
dbus-daemon[2563]: [session uid=1000 pid=2563 pidfd=5] Activating service name='org.freedesktop.impl.portal.desktop.kde' requested by ':1.5' (uid=1000 pid=2583 comm="/usr/libexec/xdg-desktop-portal")
Detected locale "C" with character encoding "ANSI_X3.4-1968", which is not UTF-8.
Qt depends on a UTF-8 locale, and has switched to "C.UTF-8" instead.
If this causes problems, reconfigure your locale. See the locale(1) manual
for more information.
Detected locale "C" with character encoding "ANSI_X3.4-1968", which is not UTF-8.
Qt depends on a UTF-8 locale, and has switched to "C.UTF-8" instead.
If this causes problems, reconfigure your locale. See the locale(1) manual
for more information.
No backend specified, automatically choosing drm
kwin_wayland_drm: No suitable DRM devices have been found
Detected locale "C" with character encoding "ANSI_X3.4-1968", which is not UTF-8.
Qt depends on a UTF-8 locale, and has switched to "C.UTF-8" instead.
If this causes problems, reconfigure your locale. See the locale(1) manual
for more information.
No backend specified, automatically choosing drm
kwin_wayland_drm: No suitable DRM devices have been found
Detected locale "C" with character encoding "ANSI_X3.4-1968", which is not UTF-8.
Qt depends on a UTF-8 locale, and has switched to "C.UTF-8" instead.
If this causes problems, reconfigure your locale. See the locale(1) manual
for more information.
No backend specified, automatically choosing drm
kwin_wayland_drm: No suitable DRM devices have been found
Detected locale "C" with character encoding "ANSI_X3.4-1968", which is not UTF-8.
Qt depends on a UTF-8 locale, and has switched to "C.UTF-8" instead.
If this causes problems, reconfigure your locale. See the locale(1) manual
for more information.
No backend specified, automatically choosing drm
kwin_wayland_drm: No suitable DRM devices have been found
Detected locale "C" with character encoding "ANSI_X3.4-1968", which is not UTF-8.
Qt depends on a UTF-8 locale, and has switched to "C.UTF-8" instead.
If this causes problems, reconfigure your locale. See the locale(1) manual
for more information.
No backend specified, automatically choosing drm
kwin_wayland_drm: No suitable DRM devices have been found
Detected locale "C" with character encoding "ANSI_X3.4-1968", which is not UTF-8.
Qt depends on a UTF-8 locale, and has switched to "C.UTF-8" instead.
If this causes problems, reconfigure your locale. See the locale(1) manual
for more information.
No backend specified, automatically choosing drm
kwin_wayland_drm: No suitable DRM devices have been found
Detected locale "C" with character encoding "ANSI_X3.4-1968", which is not UTF-8.
Qt depends on a UTF-8 locale, and has switched to "C.UTF-8" instead.
If this causes problems, reconfigure your locale. See the locale(1) manual
for more information.
No backend specified, automatically choosing drm
kwin_wayland_drm: No suitable DRM devices have been found
Detected locale "C" with character encoding "ANSI_X3.4-1968", which is not UTF-8.
Qt depends on a UTF-8 locale, and has switched to "C.UTF-8" instead.
If this causes problems, reconfigure your locale. See the locale(1) manual
for more information.
No backend specified, automatically choosing drm
kwin_wayland_drm: No suitable DRM devices have been found
Detected locale "C" with character encoding "ANSI_X3.4-1968", which is not UTF-8.
Qt depends on a UTF-8 locale, and has switched to "C.UTF-8" instead.
If this causes problems, reconfigure your locale. See the locale(1) manual
for more information.
No backend specified, automatically choosing drm
kwin_wayland_drm: No suitable DRM devices have been found
Detected locale "C" with character encoding "ANSI_X3.4-1968", which is not UTF-8.
Qt depends on a UTF-8 locale, and has switched to "C.UTF-8" instead.
If this causes problems, reconfigure your locale. See the locale(1) manual
for more information.
No backend specified, automatically choosing drm
kwin_wayland_drm: No suitable DRM devices have been found
Detected locale "C" with character encoding "ANSI_X3.4-1968", which is not UTF-8.
Qt depends on a UTF-8 locale, and has switched to "C.UTF-8" instead.
If this causes problems, reconfigure your locale. See the locale(1) manual
for more information.
No backend specified, automatically choosing drm
kwin_wayland_drm: No suitable DRM devices have been found
org.kde.startup: "kdeinit5_shutdown" QList() exited with code 255
startplasma-wayland: Shutting down...
startplasmacompositor: Shutting down...
startplasmacompositor: Done.

(/usr/libexec/xdg-desktop-portal:2583): xdg-desktop-portal-WARNING **: 02:19:29.802: Failed to create settings proxy: Error calling StartServiceByName for org.freedesktop.impl.portal.desktop.kde: The connection is closed

(/usr/libexec/xdg-desktop-portal:2583): GLib-GIO-CRITICAL **: 02:19:29.802: Error while sending AddMatch() message: The connection is closed
qt.qpa.wayland: "wl-shell" is a deprecated shell extension, prefer using "xdg-shell" if supported by the compositor by setting t
(/usr/libexec/xdg-desktop-portal:2583): GLib-GIO-CRITICAL **: 02:19:29.802: Error while sending GetNameOwner() message: The conhe environment variable QT_WAYLAND_SHELL_INTEGRATION
nection is closed
qt.qpa.wayland: "wl-shell" is a deprecated shell extension, prefer using "xdg-shell" if supported by the compositor by setting the environment variable QT_WAYLAND_SHELL_INTEGRATION

(/usr/libexec/xdg-desktop-portal:2583): GLib-GIO-CRITICAL **: 02:19:29.802: Error while sending AddMatch() message: The connection is closed
qt.qpa.wayland: "wl-shell" is a deprecated shell extension, prefer using "xdg-shell" if supported by the compositor by setting the environment variable QT_WAYLAND_SHELL_INTEGRATION

(/usr/libexec/xdg-desktop-portal:2583): GLib-GIO-CRITICAL **: 02:19:29.803: Error while sending AddMatch() message: The connection is closed

(/usr/libexec/xdg-desktop-portal:2583): GLib-WARNING **: 02:19:29.803: GError set over the top of a previous GError or uninitialized memory.
This indicates a bug in someone's code. You must ensure an error is NULL before it's set.
The overwriting error message was: Error calling StartServiceByName for org.freedesktop.impl.portal.desktop.gtk: The connection is closed

(/usr/libexec/xdg-desktop-portal:2583): xdg-desktop-portal-WARNING **: 02:19:29.803: Failed to create settings proxy: Error calling StartServiceByName for org.freedesktop.impl.portal.desktop.kde: The connection is closed

(/usr/libexec/xdg-desktop-portal:2583): xdg-desktop-portal-WARNING **: 02:19:29.803: No skeleton to export

(/usr/libexec/xdg-desktop-portal:2583): GLib-GIO-CRITICAL **: 02:19:29.803: Error while sending AddMatch() message: The connection is closed

(/usr/libexec/xdg-desktop-portal:2583): GLib-GIO-CRITICAL **: 02:19:29.803: Error while sending GetNameOwner() message: The connection is closed

(/usr/libexec/xdg-desktop-portal:2583): GLib-GIO-CRITICAL **: 02:19:29.803: Error while sending AddMatch() message: The connection is closed

(/usr/libexec/xdg-desktop-portal:2583): GLib-GIO-CRITICAL **: 02:19:29.803: Error while sending AddMatch() message: The connection is closed

(/usr/libexec/xdg-desktop-portal:2583): xdg-desktop-portal-WARNING **: 02:19:29.803: Failed to create file chooser proxy: Error calling StartServiceByName for org.freedesktop.impl.portal.desktop.kde: The connection is closed

(/usr/libexec/xdg-desktop-portal:2583): xdg-desktop-portal-WARNING **: 02:19:29.803: No skeleton to export

(/usr/libexec/xdg-desktop-portal:2583): GLib-GIO-CRITICAL **: 02:19:29.803: Error while sending AddMatch() message: The connection is closed

(/usr/libexec/xdg-desktop-portal:2583): GLib-GIO-CRITICAL **: 02:19:29.803: Error while sending GetNameOwner() message: The connection is closed

(/usr/libexec/xdg-desktop-portal:2583): GLib-GIO-CRITICAL **: 02:19:29.803: Error while sending AddMatch() message: The connection is closed

(/usr/libexec/xdg-desktop-portal:2583): GLib-GIO-CRITICAL **: 02:19:29.803: Error while sending AddMatch() message: The connection is closed

(/usr/libexec/xdg-desktop-portal:2583): xdg-desktop-portal-WARNING **: 02:19:29.803: Failed to create app chooser proxy: Error calling StartServiceByName for org.freedesktop.impl.portal.desktop.kde: The connection is closed
qt.qpa.wayland: Loading shell integration failed.

(/usr/libexec/xdg-desktop-portal:2583): xdg-desktop-portal-WARNING **: 02:19:29.803: No skeleton to export
qt.qpa.wayland: Attempted to load the following shells QList("xdg-shell", "wl-shell", "ivi-shell", "qt-shell")

(/usr/libexec/xdg-desktop-portal:2583): GLib-GIO-CRITICAL **: 02:19:29.803: Error while sending AddMatch() message: The connection is closed
qt.qpa.wayland: Loading shell integration failed.

(/usr/libexec/xdg-desktop-portal:2583): GLib-GIO-CRITICAL **: 02:19:29.803: Error while sending GetNameOwner() message: The connection is closed
qt.qpa.wayland: Attempted to load the following shells QList("xdg-shell", "wl-shell", "ivi-shell", "qt-shell")

(/usr/libexec/xdg-desktop-portal:2583): GLib-GIO-CRITICAL **: 02:19:29.803: Error while sending AddMatch() message: The connection is closed
qt.qpa.wayland: Loading shell integration failed.

(/usr/libexec/xdg-desktop-portal:2583): GLib-GIO-CRITICAL **: 02:19:29.803: Error while sending AddMatch() message: The connection is closed
qt.qpa.wayland: Attempted to load the following shells QList("xdg-shell", "wl-shell", "ivi-shell", "qt-shell")

(/usr/libexec/xdg-desktop-portal:2583): xdg-desktop-portal-WARNING **: 02:19:29.803: Failed to create print proxy: Error calling StartServiceByName for org.freedesktop.impl.portal.desktop.kde: The connection is closed

(/usr/libexec/xdg-desktop-portal:2583): xdg-desktop-portal-WARNING **: 02:19:29.803: No skeleton to export

(/usr/libexec/xdg-desktop-portal:2583): GLib-GIO-CRITICAL **: 02:19:29.803: Error while sending AddMatch() message: The connection is closed

(/usr/libexec/xdg-desktop-portal:2583): GLib-GIO-CRITICAL **: 02:19:29.803: Error while sending GetNameOwner() message: The connection is closed

(/usr/libexec/xdg-desktop-portal:2583): GLib-GIO-CRITICAL **: 02:19:29.803: Error while sending AddMatch() message: The connection is closed

(/usr/libexec/xdg-desktop-portal:2583): GLib-GIO-CRITICAL **: 02:19:29.803: Error while sending AddMatch() message: The connection is closed

(/usr/libexec/xdg-desktop-portal:2583): xdg-desktop-portal-WARNING **: 02:19:29.803: Failed to create notification proxy: Error calling StartServiceByName for org.freedesktop.impl.portal.desktop.kde: The connection is closed

(/usr/libexec/xdg-desktop-portal:2583): xdg-desktop-portal-WARNING **: 02:19:29.803: No skeleton to export

(/usr/libexec/xdg-desktop-portal:2583): GLib-GIO-CRITICAL **: 02:19:29.803: Error while sending AddMatch() message: The connection is closed

(/usr/libexec/xdg-desktop-portal:2583): GLib-GIO-CRITICAL **: 02:19:29.803: Error while sending GetNameOwner() message: The connection is closed

(/usr/libexec/xdg-desktop-portal:2583): GLib-GIO-CRITICAL **: 02:19:29.803: Error while sending AddMatch() message: The connection is closed

(/usr/libexec/xdg-desktop-portal:2583): GLib-GIO-CRITICAL **: 02:19:29.803: Error while sending AddMatch() message: The connection is closed

(/usr/libexec/xdg-desktop-portal:2583): xdg-desktop-portal-WARNING **: 02:19:29.803: Failed to create inhibit proxy: Error calling StartServiceByName for org.freedesktop.impl.portal.desktop.kde: The connection is closed

(/usr/libexec/xdg-desktop-portal:2583): xdg-desktop-portal-WARNING **: 02:19:29.803: No skeleton to export

(/usr/libexec/xdg-desktop-portal:2583): xdg-desktop-portal-WARNING **: 02:19:29.810: Failed connect to PipeWire: Couldn't connect to PipeWire

(/usr/libexec/xdg-desktop-portal:2583): GLib-GIO-CRITICAL **: 02:19:29.810: Error while sending AddMatch() message: The connection is closed

(/usr/libexec/xdg-desktop-portal:2583): GLib-GIO-CRITICAL **: 02:19:29.810: Error while sending GetNameOwner() message: The connection is closed

(/usr/libexec/xdg-desktop-portal:2583): GLib-GIO-CRITICAL **: 02:19:29.810: Error while sending AddMatch() message: The connection is closed

(/usr/libexec/xdg-desktop-portal:2583): GLib-GIO-CRITICAL **: 02:19:29.810: Error while sending AddMatch() message: The connection is closed

(/usr/libexec/xdg-desktop-portal:2583): xdg-desktop-portal-WARNING **: 02:19:29.810: Failed to create access proxy: Error calling StartServiceByName for org.freedesktop.impl.portal.desktop.kde: The connection is closed

(/usr/libexec/xdg-desktop-portal:2583): xdg-desktop-portal-WARNING **: 02:19:29.810: No skeleton to export

(/usr/libexec/xdg-desktop-portal:2583): GLib-GIO-CRITICAL **: 02:19:29.810: Error while sending AddMatch() message: The connection is closed

(/usr/libexec/xdg-desktop-portal:2583): GLib-GIO-CRITICAL **: 02:19:29.810: Error while sending GetNameOwner() message: The connection is closed

(/usr/libexec/xdg-desktop-portal:2583): GLib-GIO-CRITICAL **: 02:19:29.810: Error while sending AddMatch() message: The connection is closed

(/usr/libexec/xdg-desktop-portal:2583): GLib-GIO-CRITICAL **: 02:19:29.810: Error while sending AddMatch() message: The connection is closed

(/usr/libexec/xdg-desktop-portal:2583): xdg-desktop-portal-WARNING **: 02:19:29.810: Failed to create screenshot proxy: Error calling StartServiceByName for org.freedesktop.impl.portal.desktop.kde: The connection is closed

(/usr/libexec/xdg-desktop-portal:2583): xdg-desktop-portal-WARNING **: 02:19:29.810: No skeleton to export

(/usr/libexec/xdg-desktop-portal:2583): GLib-GIO-CRITICAL **: 02:19:29.810: Error while sending AddMatch() message: The connection is closed

(/usr/libexec/xdg-desktop-portal:2583): GLib-GIO-CRITICAL **: 02:19:29.810: Error while sending GetNameOwner() message: The connection is closed

(/usr/libexec/xdg-desktop-portal:2583): GLib-GIO-CRITICAL **: 02:19:29.810: Error while sending AddMatch() message: The connection is closed

(/usr/libexec/xdg-desktop-portal:2583): GLib-GIO-CRITICAL **: 02:19:29.810: Error while sending AddMatch() message: The connection is closed

(/usr/libexec/xdg-desktop-portal:2583): xdg-desktop-portal-WARNING **: 02:19:29.810: Failed to create access proxy: Error calling StartServiceByName for org.freedesktop.impl.portal.desktop.kde: The connection is closed

(/usr/libexec/xdg-desktop-portal:2583): xdg-desktop-portal-WARNING **: 02:19:29.810: No skeleton to export

(/usr/libexec/xdg-desktop-portal:2583): GLib-GIO-CRITICAL **: 02:19:29.810: Error while sending AddMatch() message: The connection is closed

(/usr/libexec/xdg-desktop-portal:2583): GLib-GIO-CRITICAL **: 02:19:29.810: Error while sending GetNameOwner() message: The connection is closed

(/usr/libexec/xdg-desktop-portal:2583): GLib-GIO-CRITICAL **: 02:19:29.810: Error while sending AddMatch() message: The connection is closed

(/usr/libexec/xdg-desktop-portal:2583): GLib-GIO-CRITICAL **: 02:19:29.810: Error while sending AddMatch() message: The connection is closed

(/usr/libexec/xdg-desktop-portal:2583): xdg-desktop-portal-WARNING **: 02:19:29.810: Failed to create account proxy: Error calling StartServiceByName for org.freedesktop.impl.portal.desktop.kde: The connection is closed

(/usr/libexec/xdg-desktop-portal:2583): xdg-desktop-portal-WARNING **: 02:19:29.810: No skeleton to export

(/usr/libexec/xdg-desktop-portal:2583): GLib-GIO-CRITICAL **: 02:19:29.810: Error while sending AddMatch() message: The connection is closed

(/usr/libexec/xdg-desktop-portal:2583): GLib-GIO-CRITICAL **: 02:19:29.810: Error while sending GetNameOwner() message: The connection is closed

(/usr/libexec/xdg-desktop-portal:2583): GLib-GIO-CRITICAL **: 02:19:29.810: Error while sending AddMatch() message: The connection is closed

(/usr/libexec/xdg-desktop-portal:2583): GLib-GIO-CRITICAL **: 02:19:29.810: Error while sending AddMatch() message: The connection is closed

(/usr/libexec/xdg-desktop-portal:2583): xdg-desktop-portal-WARNING **: 02:19:29.810: Failed to create email proxy: Error calling StartServiceByName for org.freedesktop.impl.portal.desktop.kde: The connection is closed

(/usr/libexec/xdg-desktop-portal:2583): xdg-desktop-portal-WARNING **: 02:19:29.810: No skeleton to export

(/usr/libexec/xdg-desktop-portal:2583): GLib-GIO-CRITICAL **: 02:19:29.810: Error while sending AddMatch() message: The connection is closed

(/usr/libexec/xdg-desktop-portal:2583): GLib-GIO-CRITICAL **: 02:19:29.810: Error while sending GetNameOwner() message: The connection is closed

(/usr/libexec/xdg-desktop-portal:2583): GLib-GIO-CRITICAL **: 02:19:29.810: Error while sending AddMatch() message: The connection is closed

(/usr/libexec/xdg-desktop-portal:2583): GLib-GIO-CRITICAL **: 02:19:29.810: Error while sending AddMatch() message: The connection is closed

(/usr/libexec/xdg-desktop-portal:2583): xdg-desktop-portal-WARNING **: 02:19:29.810: Failed to create secret proxy: Error calling StartServiceByName for org.freedesktop.impl.portal.desktop.kwallet: The connection is closed

(/usr/libexec/xdg-desktop-portal:2583): xdg-desktop-portal-WARNING **: 02:19:29.810: No skeleton to export

(/usr/libexec/xdg-desktop-portal:2583): GLib-GIO-CRITICAL **: 02:19:29.810: Error while sending AddMatch() message: The connection is closed

(/usr/libexec/xdg-desktop-portal:2583): GLib-GIO-CRITICAL **: 02:19:29.810: Error while sending GetNameOwner() message: The connection is closed

(/usr/libexec/xdg-desktop-portal:2583): GLib-GIO-CRITICAL **: 02:19:29.810: Error while sending AddMatch() message: The connection is closed

(/usr/libexec/xdg-desktop-portal:2583): GLib-GIO-CRITICAL **: 02:19:29.810: Error while sending AddMatch() message: The connection is closed

(/usr/libexec/xdg-desktop-portal:2583): xdg-desktop-portal-WARNING **: 02:19:29.810: Failed to create global_shortcuts proxy: Error calling StartServiceByName for org.freedesktop.impl.portal.desktop.kde: The connection is closed

(/usr/libexec/xdg-desktop-portal:2583): xdg-desktop-portal-WARNING **: 02:19:29.810: No skeleton to export

(/usr/libexec/xdg-desktop-portal:2583): GLib-GIO-CRITICAL **: 02:19:29.810: Error while sending AddMatch() message: The connection is closed

(/usr/libexec/xdg-desktop-portal:2583): GLib-GIO-CRITICAL **: 02:19:29.810: Error while sending GetNameOwner() message: The connection is closed

(/usr/libexec/xdg-desktop-portal:2583): GLib-GIO-CRITICAL **: 02:19:29.810: Error while sending AddMatch() message: The connection is closed

(/usr/libexec/xdg-desktop-portal:2583): GLib-GIO-CRITICAL **: 02:19:29.810: Error while sending AddMatch() message: The connection is closed

(/usr/libexec/xdg-desktop-portal:2583): xdg-desktop-portal-WARNING **: 02:19:29.810: Failed to create dynamic_launcher proxy: Error calling StartServiceByName for org.freedesktop.impl.portal.desktop.kde: The connection is closed

(/usr/libexec/xdg-desktop-portal:2583): xdg-desktop-portal-WARNING **: 02:19:29.810: No skeleton to export

(/usr/libexec/xdg-desktop-portal:2583): GLib-GIO-CRITICAL **: 02:19:29.810: Error while sending AddMatch() message: The connection is closed

(/usr/libexec/xdg-desktop-portal:2583): GLib-GIO-CRITICAL **: 02:19:29.810: Error while sending GetNameOwner() message: The connection is closed

(/usr/libexec/xdg-desktop-portal:2583): GLib-GIO-CRITICAL **: 02:19:29.810: Error while sending AddMatch() message: The connection is closed

(/usr/libexec/xdg-desktop-portal:2583): GLib-GIO-CRITICAL **: 02:19:29.810: Error while sending AddMatch() message: The connection is closed

(/usr/libexec/xdg-desktop-portal:2583): xdg-desktop-portal-WARNING **: 02:19:29.810: Failed to create screen cast proxy: Error calling StartServiceByName for org.freedesktop.impl.portal.desktop.kde: The connection is closed

(/usr/libexec/xdg-desktop-portal:2583): xdg-desktop-portal-WARNING **: 02:19:29.810: No skeleton to export

(/usr/libexec/xdg-desktop-portal:2583): GLib-GIO-CRITICAL **: 02:19:29.810: Error while sending AddMatch() message: The connection is closed

(/usr/libexec/xdg-desktop-portal:2583): GLib-GIO-CRITICAL **: 02:19:29.810: Error while sending GetNameOwner() message: The connection is closed

(/usr/libexec/xdg-desktop-portal:2583): GLib-GIO-CRITICAL **: 02:19:29.810: Error while sending AddMatch() message: The connection is closed

(/usr/libexec/xdg-desktop-portal:2583): GLib-GIO-CRITICAL **: 02:19:29.810: Error while sending AddMatch() message: The connection is closed

(/usr/libexec/xdg-desktop-portal:2583): xdg-desktop-portal-WARNING **: 02:19:29.811: Failed to create remote desktop proxy: Error calling StartServiceByName for org.freedesktop.impl.portal.desktop.kde: The connection is closed

(/usr/libexec/xdg-desktop-portal:2583): xdg-desktop-portal-WARNING **: 02:19:29.811: No skeleton to export

(/usr/libexec/xdg-desktop-portal:2583): GLib-GIO-CRITICAL **: 02:19:29.811: Error while sending AddMatch() message: The connection is closed

(/usr/libexec/xdg-desktop-portal:2583): GLib-GIO-CRITICAL **: 02:19:29.811: Error while sending GetNameOwner() message: The connection is closed

(/usr/libexec/xdg-desktop-portal:2583): GLib-GIO-CRITICAL **: 02:19:29.811: Error while sending AddMatch() message: The connection is closed

(/usr/libexec/xdg-desktop-portal:2583): GLib-GIO-CRITICAL **: 02:19:29.811: Error while sending AddMatch() message: The connection is closed

(/usr/libexec/xdg-desktop-portal:2583): xdg-desktop-portal-WARNING **: 02:19:29.811: Failed to create capture input proxy: Error calling StartServiceByName for org.freedesktop.impl.portal.desktop.kde: The connection is closed

(/usr/libexec/xdg-desktop-portal:2583): xdg-desktop-portal-WARNING **: 02:19:29.811: No skeleton to export
qt.qpa.plugin: Could not load the Qt platform plugin "wayland" in "" even though it was found.
qt.qpa.plugin: Could not load the Qt platform plugin "wayland" in "" even though it was found.
qt.qpa.plugin: Could not load the Qt platform plugin "wayland" in "" even though it was found.
qt.qpa.xcb: could not connect to display :0
qt.qpa.xcb: could not connect to display :0
qt.qpa.plugin: From 6.5.0, xcb-cursor0 or libxcb-cursor0 is needed to load the Qt xcb platform plugin.
qt.qpa.plugin: From 6.5.0, xcb-cursor0 or libxcb-cursor0 is needed to load the Qt xcb platform plugin.
qt.qpa.xcb: could not connect to display :0
qt.qpa.plugin: Could not load the Qt platform plugin "xcb" in "" even though it was found.
qt.qpa.plugin: Could not load the Qt platform plugin "xcb" in "" even though it was found.
This application failed to start because no Qt platform plugin could be initialized. Reinstalling the application may fix this pThis application failed to start because no Qt platform plugin could be initialized. Reinstalling the application may fix this problem.

Available platform plugins are: wayland, vnc, wayland-egl, linuxfb, offscreen, xcb, minimal, vkkhrdisplay.

roblem.

Available platform plugins are: wayland, vnc, wayland-egl, linuxfb, offscreen, xcb, minimal, vkkhrdisplay.

qt.qpa.plugin: From 6.5.0, xcb-cursor0 or libxcb-cursor0 is needed to load the Qt xcb platform plugin.
qt.qpa.plugin: Could not load the Qt platform plugin "xcb" in "" even though it was found.
This application failed to start because no Qt platform plugin could be initialized. Reinstalling the application may fix this problem.

Available platform plugins are: wayland, vnc, wayland-egl, linuxfb, offscreen, xcb, minimal, vkkhrdisplay.

org.kde.plasma.waitforname: WaitForName: Service was not registered within timeout
