[    31.239] 
X.Org X Server 1.21.1.16
X Protocol Version 11, Revision 0
[    31.242] Current Operating System: Linux gentoo-btw 6.14.10-gentoo-dist #1 SMP PREEMPT_DYNAMIC Thu Jun  5 13:06:44 -00 2025 x86_64
[    31.242] Kernel command line: BOOT_IMAGE=/boot/vmlinuz-6.14.10-gentoo-dist root=UUID=4b6d1fbc-c2dd-4985-9ec1-572e13b09786 ro
[    31.244]  
[    31.245] Current version of pixman: 0.46.0
[    31.247] 	Before reporting problems, check http://wiki.x.org
	to make sure that you have the latest version.
[    31.247] Markers: (--) probed, (**) from config file, (==) default setting,
	(++) from command line, (!!) notice, (II) informational,
	(WW) warning, (EE) error, (NI) not implemented, (??) unknown.
[    31.251] (==) Log file: "/var/log/Xorg.0.log", Time: Wed Jun 25 19:29:31 2025
[    31.252] (==) Using system config directory "/usr/share/X11/xorg.conf.d"
[    31.252] (==) No Layout section.  Using the first Screen section.
[    31.252] (==) No screen section available. Using defaults.
[    31.252] (**) |-->Screen "Default Screen Section" (0)
[    31.252] (**) |   |-->Monitor "<default monitor>"
[    31.252] (==) No monitor specified for screen "Default Screen Section".
	Using a default monitor configuration.
[    31.252] (**) Allowing byte-swapped clients
[    31.252] (==) Automatically adding devices
[    31.252] (==) Automatically enabling devices
[    31.252] (==) Automatically adding GPU devices
[    31.252] (==) Automatically binding GPU devices
[    31.252] (==) Max clients allowed: 256, resource mask: 0x1fffff
[    31.252] (WW) The directory "/usr/share/fonts/misc" does not exist.
[    31.252] 	Entry deleted from font path.
[    31.252] (WW) The directory "/usr/share/fonts/TTF" does not exist.
[    31.252] 	Entry deleted from font path.
[    31.252] (WW) The directory "/usr/share/fonts/OTF" does not exist.
[    31.252] 	Entry deleted from font path.
[    31.252] (WW) The directory "/usr/share/fonts/Type1" does not exist.
[    31.252] 	Entry deleted from font path.
[    31.252] (WW) The directory "/usr/share/fonts/100dpi" does not exist.
[    31.252] 	Entry deleted from font path.
[    31.252] (WW) The directory "/usr/share/fonts/75dpi" does not exist.
[    31.252] 	Entry deleted from font path.
[    31.252] (==) FontPath set to:
	
[    31.252] (==) ModulePath set to "/usr/lib64/xorg/modules"
[    31.252] (II) The server relies on udev to provide the list of input devices.
	If no devices become available, reconfigure udev or disable AutoAddDevices.
[    31.252] (II) Module ABI versions:
[    31.252] 	X.Org ANSI C Emulation: 0.4
[    31.252] 	X.Org Video Driver: 25.2
[    31.252] 	X.Org XInput driver : 24.4
[    31.252] 	X.Org Server Extension : 10.0
[    31.253] (++) using VT number 1

[    31.253] (II) systemd-logind: took control of session /org/freedesktop/login1/session/_32
[    31.254] (II) xfree86: Adding drm device (/dev/dri/card0)
[    31.254] (II) Platform probe for /sys/devices/pci0000:00/0000:00:03.1/0000:07:00.0/drm/card0
[    31.254] (II) systemd-logind: got fd for /dev/dri/card0 226:0 fd 10 paused 0
[    31.258] (--) PCI:*(7@0:0:0) 10de:2488:1458:404e rev 161, Mem @ 0xfb000000/16777216, 0x7c00000000/8589934592, 0x7e00000000/33554432, I/O @ 0x0000e000/128, BIOS @ 0x????????/524288
[    31.258] (II) LoadModule: "glx"
[    31.258] (II) Loading /usr/lib64/xorg/modules/extensions/libglx.so
[    31.259] (II) Module glx: vendor="X.Org Foundation"
[    31.259] 	compiled for 1.21.1.16, module version = 1.0.0
[    31.259] 	ABI class: X.Org Server Extension, version 10.0
[    31.259] (==) Matched nouveau as autoconfigured driver 0
[    31.259] (==) Matched nv as autoconfigured driver 1
[    31.259] (==) Matched modesetting as autoconfigured driver 2
[    31.259] (==) Matched fbdev as autoconfigured driver 3
[    31.259] (==) Matched vesa as autoconfigured driver 4
[    31.259] (==) Assigned the driver to the xf86ConfigLayout
[    31.259] (II) LoadModule: "nouveau"
[    31.259] (WW) Warning, couldn't open module nouveau
[    31.259] (EE) Failed to load module "nouveau" (module does not exist, 0)
[    31.259] (II) LoadModule: "nv"
[    31.259] (WW) Warning, couldn't open module nv
[    31.259] (EE) Failed to load module "nv" (module does not exist, 0)
[    31.259] (II) LoadModule: "modesetting"
[    31.259] (II) Loading /usr/lib64/xorg/modules/drivers/modesetting_drv.so
[    31.259] (II) Module modesetting: vendor="X.Org Foundation"
[    31.259] 	compiled for 1.21.1.16, module version = 1.21.1
[    31.259] 	Module class: X.Org Video Driver
[    31.259] 	ABI class: X.Org Video Driver, version 25.2
[    31.259] (II) LoadModule: "fbdev"
[    31.260] (WW) Warning, couldn't open module fbdev
[    31.260] (EE) Failed to load module "fbdev" (module does not exist, 0)
[    31.260] (II) LoadModule: "vesa"
[    31.260] (II) Loading /usr/lib64/xorg/modules/drivers/vesa_drv.so
[    31.260] (II) Module vesa: vendor="X.Org Foundation"
[    31.260] 	compiled for 1.21.1.16, module version = 2.6.0
[    31.260] 	Module class: X.Org Video Driver
[    31.260] 	ABI class: X.Org Video Driver, version 25.2
[    31.260] (II) modesetting: Driver for Modesetting Kernel Drivers: kms
[    31.260] (II) VESA: driver for VESA chipsets: vesa
[    31.260] (II) modeset(0): using drv /dev/dri/card0
[    31.260] (II) modeset(0): Creating default Display subsection in Screen section
	"Default Screen Section" for depth/fbbpp 24/32
[    31.260] (==) modeset(0): Depth 24, (==) framebuffer bpp 32
[    31.260] (==) modeset(0): RGB weight 888
[    31.260] (==) modeset(0): Default visual is TrueColor
[    31.260] (II) Loading sub module "glamoregl"
[    31.260] (II) LoadModule: "glamoregl"
[    31.260] (II) Loading /usr/lib64/xorg/modules/libglamoregl.so
[    31.261] (II) Module glamoregl: vendor="X.Org Foundation"
[    31.261] 	compiled for 1.21.1.16, module version = 1.0.1
[    31.261] 	ABI class: X.Org ANSI C Emulation, version 0.4
[    31.285] (II) modeset(0): Refusing to try glamor on llvmpipe
[    31.286] (II) modeset(0): glamor initialization failed
[    31.286] (II) modeset(0): ShadowFB: preferred YES, enabled YES
[    31.286] (II) modeset(0): Double-buffered shadow updates: off
[    31.286] (II) modeset(0): Output DP-1 has no monitor section
[    31.286] (II) modeset(0): Output HDMI-1 has no monitor section
[    31.286] (II) modeset(0): Output DP-2 has no monitor section
[    31.354] (II) modeset(0): Output HDMI-2 has no monitor section
[    31.355] (II) modeset(0): EDID for output DP-1
[    31.355] (II) modeset(0): EDID for output HDMI-1
[    31.355] (II) modeset(0): EDID for output DP-2
[    31.422] (II) modeset(0): EDID for output HDMI-2
[    31.422] (II) modeset(0): Manufacturer: DEL  Model: a196  Serial#: 810104652
[    31.422] (II) modeset(0): Year: 2022  Week: 20
[    31.422] (II) modeset(0): EDID Version: 1.3
[    31.422] (II) modeset(0): Digital Display Input
[    31.422] (II) modeset(0): Max Image Size [cm]: horiz.: 60  vert.: 34
[    31.422] (II) modeset(0): Gamma: 2.20
[    31.422] (II) modeset(0): DPMS capabilities: StandBy Suspend Off
[    31.422] (II) modeset(0): Supported color encodings: RGB 4:4:4 YCrCb 4:4:4 
[    31.422] (II) modeset(0): First detailed timing is preferred mode
[    31.422] (II) modeset(0): redX: 0.657 redY: 0.329   greenX: 0.305 greenY: 0.645
[    31.422] (II) modeset(0): blueX: 0.150 blueY: 0.060   whiteX: 0.313 whiteY: 0.329
[    31.422] (II) modeset(0): Supported established timings:
[    31.422] (II) modeset(0): 720x400@70Hz
[    31.422] (II) modeset(0): 640x480@60Hz
[    31.422] (II) modeset(0): 640x480@75Hz
[    31.422] (II) modeset(0): 800x600@60Hz
[    31.422] (II) modeset(0): 800x600@75Hz
[    31.422] (II) modeset(0): 1024x768@60Hz
[    31.422] (II) modeset(0): 1024x768@75Hz
[    31.422] (II) modeset(0): 1280x1024@75Hz
[    31.422] (II) modeset(0): Manufacturer's mask: 0
[    31.423] (II) modeset(0): Supported standard timings:
[    31.423] (II) modeset(0): #0: hsize: 1152  vsize 864  refresh: 75  vid: 20337
[    31.423] (II) modeset(0): #1: hsize: 1280  vsize 1024  refresh: 60  vid: 32897
[    31.423] (II) modeset(0): #2: hsize: 1600  vsize 900  refresh: 60  vid: 49321
[    31.423] (II) modeset(0): #3: hsize: 1600  vsize 1200  refresh: 60  vid: 16553
[    31.423] (II) modeset(0): #4: hsize: 1920  vsize 1080  refresh: 60  vid: 49361
[    31.423] (II) modeset(0): #5: hsize: 2048  vsize 1280  refresh: 60  vid: 225
[    31.423] (II) modeset(0): Supported detailed timing:
[    31.423] (II) modeset(0): clock: 594.0 MHz   Image Size:  597 x 336 mm
[    31.423] (II) modeset(0): h_active: 3840  h_sync: 4016  h_sync_end 4104 h_blank_end 4400 h_border: 0
[    31.423] (II) modeset(0): v_active: 2160  v_sync: 2168  v_sync_end 2178 v_blanking: 2250 v_border: 0
[    31.423] (II) modeset(0): Serial No: DQ7GM43
[    31.423] (II) modeset(0): Monitor name: DELL S2721QS
[    31.423] (II) modeset(0): Ranges: V min: 40 V max: 60 Hz, H min: 130 H max: 137 kHz, PixClock max 605 MHz
[    31.423] (II) modeset(0): Supported detailed timing:
[    31.423] (II) modeset(0): clock: 241.5 MHz   Image Size:  597 x 336 mm
[    31.423] (II) modeset(0): h_active: 2560  h_sync: 2608  h_sync_end 2640 h_blank_end 2720 h_border: 0
[    31.423] (II) modeset(0): v_active: 1440  v_sync: 1443  v_sync_end 1448 v_blanking: 1481 v_border: 0
[    31.423] (II) modeset(0): Number of EDID sections to follow: 1
[    31.423] (II) modeset(0): EDID (in hex):
[    31.423] (II) modeset(0): 	00ffffffffffff0010ac96a14c374930
[    31.423] (II) modeset(0): 	14200103803c2278ea5095a8544ea526
[    31.423] (II) modeset(0): 	0f5054a54b00714f8180a9c0a940d1c0
[    31.423] (II) modeset(0): 	e1000101010108e80030f2705a80b058
[    31.423] (II) modeset(0): 	8a0055502100001e000000ff00445137
[    31.423] (II) modeset(0): 	474d34330a2020202020000000fc0044
[    31.423] (II) modeset(0): 	454c4c20533237323151530a000000fd
[    31.423] (II) modeset(0): 	00283c82893c000a20202020202001ba
[    31.423] (II) modeset(0): 	020350f1546101020304050607101112
[    31.423] (II) modeset(0): 	1415161f20215d5e5f23090707830100
[    31.423] (II) modeset(0): 	006d030c001000384420006003020167
[    31.423] (II) modeset(0): 	d85dc401788001e40f010000e305c000
[    31.423] (II) modeset(0): 	e60605015a5a00681a00000101283ce6
[    31.423] (II) modeset(0): 	565e00a0a0a029503020350055502100
[    31.423] (II) modeset(0): 	001a0000000000000000000000000000
[    31.423] (II) modeset(0): 	000000000000000000000000000000d5
[    31.423] (--) modeset(0): HDMI max TMDS frequency 340000KHz
[    31.423] (II) modeset(0): Not using default mode "3840x2160" (bad mode clock/interlace/doublescan)
[    31.423] (II) modeset(0): Not using default mode "2560x1440" (bad mode clock/interlace/doublescan)
[    31.423] (II) modeset(0): Printing probed modes for output HDMI-2
[    31.423] (II) modeset(0): Modeline "3840x2160"x60.0  594.00  3840 4016 4104 4400  2160 2168 2178 2250 +hsync +vsync (135.0 kHz eP)
[    31.423] (II) modeset(0): Modeline "3840x2160"x59.9  593.41  3840 4016 4104 4400  2160 2168 2178 2250 +hsync +vsync (134.9 kHz e)
[    31.423] (II) modeset(0): Modeline "3840x2160"x60.0  533.00  3840 3888 3920 4000  2160 2163 2168 2222 +hsync -vsync (133.2 kHz d)
[    31.423] (II) modeset(0): Modeline "3840x2160"x30.0  297.00  3840 4016 4104 4400  2160 2168 2178 2250 +hsync +vsync (67.5 kHz e)
[    31.423] (II) modeset(0): Modeline "3840x2160"x25.0  297.00  3840 4896 4984 5280  2160 2168 2178 2250 +hsync +vsync (56.2 kHz e)
[    31.423] (II) modeset(0): Modeline "3840x2160"x24.0  297.00  3840 5116 5204 5500  2160 2168 2178 2250 +hsync +vsync (54.0 kHz e)
[    31.423] (II) modeset(0): Modeline "3840x2160"x30.0  296.70  3840 4016 4104 4400  2160 2168 2178 2250 +hsync +vsync (67.4 kHz e)
[    31.423] (II) modeset(0): Modeline "3840x2160"x24.0  296.70  3840 5116 5204 5500  2160 2168 2178 2250 +hsync +vsync (53.9 kHz e)
[    31.423] (II) modeset(0): Modeline "3200x1800"x60.0  492.00  3200 3456 3800 4400  1800 1803 1808 1865 -hsync +vsync (111.8 kHz d)
[    31.423] (II) modeset(0): Modeline "3200x1800"x59.9  373.00  3200 3248 3280 3360  1800 1803 1808 1852 +hsync -vsync (111.0 kHz d)
[    31.423] (II) modeset(0): Modeline "2880x1620"x60.0  396.25  2880 3096 3408 3936  1620 1623 1628 1679 -hsync +vsync (100.7 kHz d)
[    31.423] (II) modeset(0): Modeline "2880x1620"x60.0  303.75  2880 2928 2960 3040  1620 1623 1628 1666 +hsync -vsync (99.9 kHz d)
[    31.423] (II) modeset(0): Modeline "2560x1600"x60.0  348.50  2560 2760 3032 3504  1600 1603 1609 1658 -hsync +vsync (99.5 kHz d)
[    31.423] (II) modeset(0): Modeline "2560x1600"x60.0  268.50  2560 2608 2640 2720  1600 1603 1609 1646 +hsync -vsync (98.7 kHz d)
[    31.423] (II) modeset(0): Modeline "2560x1440"x60.0  469.12  2560 2584 2600 2640  1440 1441 1444 1481 doublescan +hsync -vsync (177.7 kHz d)
[    31.423] (II) modeset(0): Modeline "2560x1440"x60.0  312.25  2560 2752 3024 3488  1440 1443 1448 1493 -hsync +vsync (89.5 kHz d)
[    31.423] (II) modeset(0): Modeline "2560x1440"x60.0  241.50  2560 2608 2640 2720  1440 1443 1448 1481 +hsync -vsync (88.8 kHz e)
[    31.423] (II) modeset(0): Modeline "2048x1536"x75.0  340.48  2048 2216 2440 2832  1536 1537 1540 1603 -hsync +vsync (120.2 kHz d)
[    31.423] (II) modeset(0): Modeline "2048x1536"x60.0  266.95  2048 2200 2424 2800  1536 1537 1540 1589 -hsync +vsync (95.3 kHz d)
[    31.423] (II) modeset(0): Modeline "1920x1440"x75.0  297.00  1920 2064 2288 2640  1440 1441 1444 1500 -hsync +vsync (112.5 kHz d)
[    31.423] (II) modeset(0): Modeline "1920x1440"x60.0  234.00  1920 2048 2256 2600  1440 1441 1444 1500 -hsync +vsync (90.0 kHz d)
[    31.423] (II) modeset(0): Modeline "2048x1280"x60.0  221.28  2048 2192 2416 2784  1280 1281 1284 1325 -hsync +vsync (79.5 kHz)
[    31.423] (II) modeset(0): Modeline "1856x1392"x75.0  288.00  1856 1984 2208 2560  1392 1393 1396 1500 -hsync +vsync (112.5 kHz d)
[    31.423] (II) modeset(0): Modeline "1856x1392"x60.0  218.30  1856 1952 2176 2528  1392 1393 1396 1439 -hsync +vsync (86.4 kHz d)
[    31.423] (II) modeset(0): Modeline "1792x1344"x75.0  261.00  1792 1888 2104 2456  1344 1345 1348 1417 -hsync +vsync (106.3 kHz d)
[    31.423] (II) modeset(0): Modeline "1792x1344"x60.0  204.80  1792 1920 2120 2448  1344 1345 1348 1394 -hsync +vsync (83.7 kHz d)
[    31.423] (II) modeset(0): Modeline "2048x1152"x60.0  406.50  2048 2220 2444 2840  1152 1153 1156 1193 doublescan -hsync +vsync (143.1 kHz d)
[    31.423] (II) modeset(0): Modeline "2048x1152"x60.0  302.50  2048 2072 2088 2128  1152 1153 1156 1185 doublescan +hsync -vsync (142.2 kHz d)
[    31.423] (II) modeset(0): Modeline "2048x1152"x59.9  197.00  2048 2184 2400 2752  1152 1155 1160 1195 -hsync +vsync (71.6 kHz d)
[    31.423] (II) modeset(0): Modeline "2048x1152"x59.9  156.75  2048 2096 2128 2208  1152 1155 1160 1185 +hsync -vsync (71.0 kHz d)
[    31.423] (II) modeset(0): Modeline "1920x1200"x59.9  193.25  1920 2056 2256 2592  1200 1203 1209 1245 -hsync +vsync (74.6 kHz d)
[    31.423] (II) modeset(0): Modeline "1920x1200"x60.0  154.00  1920 1968 2000 2080  1200 1203 1209 1235 +hsync -vsync (74.0 kHz d)
[    31.423] (II) modeset(0): Modeline "1920x1080"x60.0  356.38  1920 2080 2288 2656  1080 1081 1084 1118 doublescan -hsync +vsync (134.2 kHz d)
[    31.423] (II) modeset(0): Modeline "1920x1080"x60.0  266.50  1920 1944 1960 2000  1080 1081 1084 1111 doublescan +hsync -vsync (133.2 kHz d)
[    31.423] (II) modeset(0): Modeline "1920x1080"x60.0  173.00  1920 2048 2248 2576  1080 1083 1088 1120 -hsync +vsync (67.2 kHz d)
[    31.423] (II) modeset(0): Modeline "1920x1080"x60.0  148.50  1920 2008 2052 2200  1080 1084 1089 1125 -hsync -vsync (67.5 kHz e)
[    31.423] (II) modeset(0): Modeline "1920x1080"x60.0  148.50  1920 2008 2052 2200  1080 1084 1089 1125 +hsync +vsync (67.5 kHz e)
[    31.423] (II) modeset(0): Modeline "1920x1080"x50.0  148.50  1920 2448 2492 2640  1080 1084 1089 1125 +hsync +vsync (56.2 kHz e)
[    31.423] (II) modeset(0): Modeline "1920x1080"x59.9  148.35  1920 2008 2052 2200  1080 1084 1089 1125 +hsync +vsync (67.4 kHz e)
[    31.423] (II) modeset(0): Modeline "1920x1080"x59.9  138.50  1920 1968 2000 2080  1080 1083 1088 1111 +hsync -vsync (66.6 kHz d)
[    31.423] (II) modeset(0): Modeline "1920x1080"x25.0   74.25  1920 2448 2492 2640  1080 1084 1089 1125 +hsync +vsync (28.1 kHz e)
[    31.423] (II) modeset(0): Modeline "1920x1080"x24.0   74.25  1920 2558 2602 2750  1080 1084 1089 1125 +hsync +vsync (27.0 kHz e)
[    31.423] (II) modeset(0): Modeline "1920x1080"x24.0   74.18  1920 2558 2602 2750  1080 1084 1089 1125 +hsync +vsync (27.0 kHz e)
[    31.423] (II) modeset(0): Modeline "1600x1200"x75.0  202.50  1600 1664 1856 2160  1200 1201 1204 1250 +hsync +vsync (93.8 kHz d)
[    31.423] (II) modeset(0): Modeline "1600x1200"x70.0  189.00  1600 1664 1856 2160  1200 1201 1204 1250 +hsync +vsync (87.5 kHz d)
[    31.423] (II) modeset(0): Modeline "1600x1200"x65.0  175.50  1600 1664 1856 2160  1200 1201 1204 1250 +hsync +vsync (81.2 kHz d)
[    31.423] (II) modeset(0): Modeline "1600x1200"x60.0  162.00  1600 1664 1856 2160  1200 1201 1204 1250 +hsync +vsync (75.0 kHz e)
[    31.423] (II) modeset(0): Modeline "1680x1050"x60.0  146.25  1680 1784 1960 2240  1050 1053 1059 1089 -hsync +vsync (65.3 kHz d)
[    31.423] (II) modeset(0): Modeline "1680x1050"x59.9  119.00  1680 1728 1760 1840  1050 1053 1059 1080 +hsync -vsync (64.7 kHz d)
[    31.423] (II) modeset(0): Modeline "1400x1050"x74.8  155.80  1400 1464 1784 1912  1050 1052 1064 1090 +hsync +vsync (81.5 kHz d)
[    31.423] (II) modeset(0): Modeline "1400x1050"x60.0  122.00  1400 1488 1640 1880  1050 1052 1064 1082 +hsync +vsync (64.9 kHz d)
[    31.423] (II) modeset(0): Modeline "1600x900"x60.0  246.00  1600 1728 1900 2200  900 901 904 932 doublescan -hsync +vsync (111.8 kHz d)
[    31.423] (II) modeset(0): Modeline "1600x900"x59.9  186.50  1600 1624 1640 1680  900 901 904 926 doublescan +hsync -vsync (111.0 kHz d)
[    31.423] (II) modeset(0): Modeline "1600x900"x59.9  118.25  1600 1696 1856 2112  900 903 908 934 -hsync +vsync (56.0 kHz d)
[    31.423] (II) modeset(0): Modeline "1600x900"x60.0  108.00  1600 1624 1704 1800  900 901 904 1000 +hsync +vsync (60.0 kHz e)
[    31.423] (II) modeset(0): Modeline "1600x900"x59.8   97.50  1600 1648 1680 1760  900 903 908 926 +hsync -vsync (55.4 kHz d)
[    31.423] (II) modeset(0): Modeline "1280x1024"x75.0  135.00  1280 1296 1440 1688  1024 1025 1028 1066 +hsync +vsync (80.0 kHz e)
[    31.423] (II) modeset(0): Modeline "1280x1024"x60.0  108.00  1280 1328 1440 1688  1024 1025 1028 1066 +hsync +vsync (64.0 kHz e)
[    31.423] (II) modeset(0): Modeline "1400x900"x60.0  103.50  1400 1480 1624 1848  900 903 913 934 -hsync +vsync (56.0 kHz d)
[    31.423] (II) modeset(0): Modeline "1400x900"x59.9   86.50  1400 1448 1480 1560  900 903 913 926 +hsync -vsync (55.4 kHz d)
[    31.423] (II) modeset(0): Modeline "1280x960"x60.0  108.00  1280 1376 1488 1800  960 961 964 1000 +hsync +vsync (60.0 kHz d)
[    31.423] (II) modeset(0): Modeline "1440x810"x60.0  198.12  1440 1548 1704 1968  810 811 814 839 doublescan -hsync +vsync (100.7 kHz d)
[    31.423] (II) modeset(0): Modeline "1440x810"x60.0  151.88  1440 1464 1480 1520  810 811 814 833 doublescan +hsync -vsync (99.9 kHz d)
[    31.423] (II) modeset(0): Modeline "1368x768"x59.9   85.25  1368 1440 1576 1784  768 771 781 798 -hsync +vsync (47.8 kHz d)
[    31.423] (II) modeset(0): Modeline "1368x768"x59.9   72.25  1368 1416 1448 1528  768 771 781 790 +hsync -vsync (47.3 kHz d)
[    31.423] (II) modeset(0): Modeline "1280x800"x60.0  174.25  1280 1380 1516 1752  800 801 804 829 doublescan -hsync +vsync (99.5 kHz d)
[    31.423] (II) modeset(0): Modeline "1280x800"x60.0  134.25  1280 1304 1320 1360  800 801 804 823 doublescan +hsync -vsync (98.7 kHz d)
[    31.423] (II) modeset(0): Modeline "1280x800"x59.8   83.50  1280 1352 1480 1680  800 803 809 831 -hsync +vsync (49.7 kHz d)
[    31.423] (II) modeset(0): Modeline "1280x800"x59.9   71.00  1280 1328 1360 1440  800 803 809 823 +hsync -vsync (49.3 kHz d)
[    31.423] (II) modeset(0): Modeline "1152x864"x75.0  108.00  1152 1216 1344 1600  864 865 868 900 +hsync +vsync (67.5 kHz e)
[    31.423] (II) modeset(0): Modeline "1280x720"x60.0  156.12  1280 1376 1512 1744  720 721 724 746 doublescan -hsync +vsync (89.5 kHz d)
[    31.423] (II) modeset(0): Modeline "1280x720"x60.0  120.75  1280 1304 1320 1360  720 721 724 740 doublescan +hsync -vsync (88.8 kHz d)
[    31.423] (II) modeset(0): Modeline "1280x720"x59.9   74.50  1280 1344 1472 1664  720 723 728 748 -hsync +vsync (44.8 kHz d)
[    31.423] (II) modeset(0): Modeline "1280x720"x60.0   74.25  1280 1390 1430 1650  720 725 730 750 +hsync +vsync (45.0 kHz e)
[    31.423] (II) modeset(0): Modeline "1280x720"x59.9   74.18  1280 1390 1430 1650  720 725 730 750 +hsync +vsync (45.0 kHz e)
[    31.423] (II) modeset(0): Modeline "1280x720"x59.7   63.75  1280 1328 1360 1440  720 723 728 741 +hsync -vsync (44.3 kHz d)
[    31.423] (II) modeset(0): Modeline "1024x768"x75.0  170.24  1024 1108 1220 1416  768 768 770 801 doublescan -hsync +vsync (120.2 kHz d)
[    31.423] (II) modeset(0): Modeline "1024x768"x60.0  133.47  1024 1100 1212 1400  768 768 770 794 doublescan -hsync +vsync (95.3 kHz d)
[    31.423] (II) modeset(0): Modeline "1024x768"x75.0   78.75  1024 1040 1136 1312  768 769 772 800 +hsync +vsync (60.0 kHz e)
[    31.423] (II) modeset(0): Modeline "1024x768"x70.1   75.00  1024 1048 1184 1328  768 771 777 806 -hsync -vsync (56.5 kHz d)
[    31.423] (II) modeset(0): Modeline "1024x768"x60.0   65.00  1024 1048 1184 1344  768 771 777 806 -hsync -vsync (48.4 kHz e)
[    31.423] (II) modeset(0): Modeline "960x720"x75.0  148.50  960 1032 1144 1320  720 720 722 750 doublescan -hsync +vsync (112.5 kHz d)
[    31.423] (II) modeset(0): Modeline "960x720"x60.0  117.00  960 1024 1128 1300  720 720 722 750 doublescan -hsync +vsync (90.0 kHz d)
[    31.423] (II) modeset(0): Modeline "928x696"x75.0  144.00  928 992 1104 1280  696 696 698 750 doublescan -hsync +vsync (112.5 kHz d)
[    31.423] (II) modeset(0): Modeline "928x696"x60.1  109.15  928 976 1088 1264  696 696 698 719 doublescan -hsync +vsync (86.4 kHz d)
[    31.423] (II) modeset(0): Modeline "896x672"x75.0  130.50  896 944 1052 1228  672 672 674 708 doublescan -hsync +vsync (106.3 kHz d)
[    31.423] (II) modeset(0): Modeline "896x672"x60.0  102.40  896 960 1060 1224  672 672 674 697 doublescan -hsync +vsync (83.7 kHz d)
[    31.423] (II) modeset(0): Modeline "1024x576"x60.0   98.50  1024 1092 1200 1376  576 577 580 597 doublescan -hsync +vsync (71.6 kHz d)
[    31.423] (II) modeset(0): Modeline "1024x576"x60.0   78.38  1024 1048 1064 1104  576 577 580 592 doublescan +hsync -vsync (71.0 kHz d)
[    31.423] (II) modeset(0): Modeline "1024x576"x59.9   46.50  1024 1064 1160 1296  576 579 584 599 -hsync +vsync (35.9 kHz d)
[    31.423] (II) modeset(0): Modeline "1024x576"x59.8   42.00  1024 1072 1104 1184  576 579 584 593 +hsync -vsync (35.5 kHz d)
[    31.423] (II) modeset(0): Modeline "960x600"x59.9   96.62  960 1028 1128 1296  600 601 604 622 doublescan -hsync +vsync (74.6 kHz d)
[    31.423] (II) modeset(0): Modeline "960x600"x60.0   77.00  960 984 1000 1040  600 601 604 617 doublescan +hsync -vsync (74.0 kHz d)
[    31.423] (II) modeset(0): Modeline "832x624"x74.6   57.28  832 864 928 1152  624 625 628 667 -hsync -vsync (49.7 kHz d)
[    31.423] (II) modeset(0): Modeline "960x540"x60.0   86.50  960 1024 1124 1288  540 541 544 560 doublescan -hsync +vsync (67.2 kHz d)
[    31.423] (II) modeset(0): Modeline "960x540"x60.0   69.25  960 984 1000 1040  540 541 544 555 doublescan +hsync -vsync (66.6 kHz d)
[    31.423] (II) modeset(0): Modeline "960x540"x59.6   40.75  960 992 1088 1216  540 543 548 562 -hsync +vsync (33.5 kHz d)
[    31.423] (II) modeset(0): Modeline "960x540"x59.8   37.25  960 1008 1040 1120  540 543 548 556 +hsync -vsync (33.3 kHz d)
[    31.423] (II) modeset(0): Modeline "800x600"x75.0  101.25  800 832 928 1080  600 600 602 625 doublescan +hsync +vsync (93.8 kHz d)
[    31.423] (II) modeset(0): Modeline "800x600"x70.0   94.50  800 832 928 1080  600 600 602 625 doublescan +hsync +vsync (87.5 kHz d)
[    31.423] (II) modeset(0): Modeline "800x600"x65.0   87.75  800 832 928 1080  600 600 602 625 doublescan +hsync +vsync (81.2 kHz d)
[    31.423] (II) modeset(0): Modeline "800x600"x60.0   81.00  800 832 928 1080  600 600 602 625 doublescan +hsync +vsync (75.0 kHz d)
[    31.423] (II) modeset(0): Modeline "800x600"x72.2   50.00  800 856 976 1040  600 637 643 666 +hsync +vsync (48.1 kHz d)
[    31.423] (II) modeset(0): Modeline "800x600"x75.0   49.50  800 816 896 1056  600 601 604 625 +hsync +vsync (46.9 kHz e)
[    31.423] (II) modeset(0): Modeline "800x600"x60.3   40.00  800 840 968 1056  600 601 605 628 +hsync +vsync (37.9 kHz e)
[    31.423] (II) modeset(0): Modeline "800x600"x56.2   36.00  800 824 896 1024  600 601 603 625 +hsync +vsync (35.2 kHz d)
[    31.423] (II) modeset(0): Modeline "840x525"x60.0   73.12  840 892 980 1120  525 526 529 544 doublescan -hsync +vsync (65.3 kHz d)
[    31.423] (II) modeset(0): Modeline "840x525"x59.9   59.50  840 864 880 920  525 526 529 540 doublescan +hsync -vsync (64.7 kHz d)
[    31.423] (II) modeset(0): Modeline "864x486"x59.9   32.50  864 888 968 1072  486 489 494 506 -hsync +vsync (30.3 kHz d)
[    31.423] (II) modeset(0): Modeline "864x486"x59.6   30.50  864 912 944 1024  486 489 494 500 +hsync -vsync (29.8 kHz d)
[    31.423] (II) modeset(0): Modeline "720x576"x50.0   27.00  720 732 796 864  576 581 586 625 -hsync -vsync (31.2 kHz e)
[    31.423] (II) modeset(0): Modeline "700x525"x74.8   77.90  700 732 892 956  525 526 532 545 doublescan +hsync +vsync (81.5 kHz d)
[    31.423] (II) modeset(0): Modeline "700x525"x60.0   61.00  700 744 820 940  525 526 532 541 doublescan +hsync +vsync (64.9 kHz d)
[    31.423] (II) modeset(0): Modeline "800x450"x59.9   59.12  800 848 928 1056  450 451 454 467 doublescan -hsync +vsync (56.0 kHz d)
[    31.423] (II) modeset(0): Modeline "800x450"x59.8   48.75  800 824 840 880  450 451 454 463 doublescan +hsync -vsync (55.4 kHz d)
[    31.423] (II) modeset(0): Modeline "720x480"x60.0   27.03  720 736 798 858  480 489 495 525 -hsync -vsync (31.5 kHz e)
[    31.423] (II) modeset(0): Modeline "720x480"x59.9   27.00  720 736 798 858  480 489 495 525 -hsync -vsync (31.5 kHz e)
[    31.423] (II) modeset(0): Modeline "640x512"x75.0   67.50  640 648 720 844  512 512 514 533 doublescan +hsync +vsync (80.0 kHz d)
[    31.423] (II) modeset(0): Modeline "640x512"x60.0   54.00  640 664 720 844  512 512 514 533 doublescan +hsync +vsync (64.0 kHz d)
[    31.423] (II) modeset(0): Modeline "700x450"x60.0   51.75  700 740 812 924  450 451 456 467 doublescan -hsync +vsync (56.0 kHz d)
[    31.423] (II) modeset(0): Modeline "700x450"x59.9   43.25  700 724 740 780  450 451 456 463 doublescan +hsync -vsync (55.4 kHz d)
[    31.423] (II) modeset(0): Modeline "640x480"x60.0   54.00  640 688 744 900  480 480 482 500 doublescan +hsync +vsync (60.0 kHz d)
[    31.423] (II) modeset(0): Modeline "640x480"x75.0   31.50  640 656 720 840  480 481 484 500 -hsync -vsync (37.5 kHz e)
[    31.423] (II) modeset(0): Modeline "640x480"x72.8   31.50  640 664 704 832  480 489 492 520 -hsync -vsync (37.9 kHz d)
[    31.423] (II) modeset(0): Modeline "640x480"x75.0   31.50  640 656 720 840  480 481 484 500 -hsync -vsync (37.5 kHz d)
[    31.423] (II) modeset(0): Modeline "640x480"x60.0   25.20  640 656 752 800  480 490 492 525 -hsync -vsync (31.5 kHz e)
[    31.423] (II) modeset(0): Modeline "640x480"x59.9   25.18  640 656 752 800  480 490 492 525 -hsync -vsync (31.5 kHz e)
[    31.423] (II) modeset(0): Modeline "720x405"x59.5   22.50  720 744 808 896  405 408 413 422 -hsync +vsync (25.1 kHz d)
[    31.423] (II) modeset(0): Modeline "720x405"x59.0   21.75  720 768 800 880  405 408 413 419 +hsync -vsync (24.7 kHz d)
[    31.423] (II) modeset(0): Modeline "720x400"x70.1   28.32  720 738 846 900  400 412 414 449 -hsync +vsync (31.5 kHz e)
[    31.423] (II) modeset(0): Modeline "684x384"x59.9   42.62  684 720 788 892  384 385 390 399 doublescan -hsync +vsync (47.8 kHz d)
[    31.423] (II) modeset(0): Modeline "684x384"x59.9   36.12  684 708 724 764  384 385 390 395 doublescan +hsync -vsync (47.3 kHz d)
[    31.423] (II) modeset(0): Modeline "640x400"x59.9   41.75  640 676 740 840  400 401 404 415 doublescan -hsync +vsync (49.7 kHz d)
[    31.423] (II) modeset(0): Modeline "640x400"x60.0   35.50  640 664 680 720  400 401 404 411 doublescan +hsync -vsync (49.3 kHz d)
[    31.423] (II) modeset(0): Modeline "576x432"x75.0   54.00  576 608 672 800  432 432 434 450 doublescan +hsync +vsync (67.5 kHz d)
[    31.423] (II) modeset(0): Modeline "640x360"x59.9   37.25  640 672 736 832  360 361 364 374 doublescan -hsync +vsync (44.8 kHz d)
[    31.423] (II) modeset(0): Modeline "640x360"x59.8   31.88  640 664 680 720  360 361 364 370 doublescan +hsync -vsync (44.3 kHz d)
[    31.423] (II) modeset(0): Modeline "640x360"x59.8   18.00  640 664 720 800  360 363 368 376 -hsync +vsync (22.5 kHz d)
[    31.423] (II) modeset(0): Modeline "640x360"x59.3   17.75  640 688 720 800  360 363 368 374 +hsync -vsync (22.2 kHz d)
[    31.423] (II) modeset(0): Modeline "512x384"x75.0   39.38  512 520 568 656  384 384 386 400 doublescan +hsync +vsync (60.0 kHz d)
[    31.423] (II) modeset(0): Modeline "512x384"x70.1   37.50  512 524 592 664  384 385 388 403 doublescan -hsync -vsync (56.5 kHz d)
[    31.423] (II) modeset(0): Modeline "512x384"x60.0   32.50  512 524 592 672  384 385 388 403 doublescan -hsync -vsync (48.4 kHz d)
[    31.423] (II) modeset(0): Modeline "512x288"x60.0   23.25  512 532 580 648  288 289 292 299 doublescan -hsync +vsync (35.9 kHz d)
[    31.423] (II) modeset(0): Modeline "512x288"x59.9   21.00  512 536 552 592  288 289 292 296 doublescan +hsync -vsync (35.5 kHz d)
[    31.423] (II) modeset(0): Modeline "416x312"x74.7   28.64  416 432 464 576  312 312 314 333 doublescan -hsync -vsync (49.7 kHz d)
[    31.423] (II) modeset(0): Modeline "480x270"x59.6   20.38  480 496 544 608  270 271 274 281 doublescan -hsync +vsync (33.5 kHz d)
[    31.423] (II) modeset(0): Modeline "480x270"x59.8   18.62  480 504 520 560  270 271 274 278 doublescan +hsync -vsync (33.3 kHz d)
[    31.423] (II) modeset(0): Modeline "400x300"x72.2   25.00  400 428 488 520  300 318 321 333 doublescan +hsync +vsync (48.1 kHz d)
[    31.423] (II) modeset(0): Modeline "400x300"x75.1   24.75  400 408 448 528  300 300 302 312 doublescan +hsync +vsync (46.9 kHz d)
[    31.423] (II) modeset(0): Modeline "400x300"x60.3   20.00  400 420 484 528  300 300 302 314 doublescan +hsync +vsync (37.9 kHz d)
[    31.423] (II) modeset(0): Modeline "400x300"x56.3   18.00  400 412 448 512  300 300 301 312 doublescan +hsync +vsync (35.2 kHz d)
[    31.423] (II) modeset(0): Modeline "432x243"x59.9   16.25  432 444 484 536  243 244 247 253 doublescan -hsync +vsync (30.3 kHz d)
[    31.423] (II) modeset(0): Modeline "432x243"x59.6   15.25  432 456 472 512  243 244 247 250 doublescan +hsync -vsync (29.8 kHz d)
[    31.423] (II) modeset(0): Modeline "320x240"x72.8   15.75  320 332 352 416  240 244 246 260 doublescan -hsync -vsync (37.9 kHz d)
[    31.423] (II) modeset(0): Modeline "320x240"x75.0   15.75  320 328 360 420  240 240 242 250 doublescan -hsync -vsync (37.5 kHz d)
[    31.423] (II) modeset(0): Modeline "320x240"x60.1   12.59  320 328 376 400  240 245 246 262 doublescan -hsync -vsync (31.5 kHz d)
[    31.423] (II) modeset(0): Modeline "360x202"x59.5   11.25  360 372 404 448  202 204 206 211 doublescan -hsync +vsync (25.1 kHz d)
[    31.423] (II) modeset(0): Modeline "360x202"x59.1   10.88  360 384 400 440  202 204 206 209 doublescan +hsync -vsync (24.7 kHz d)
[    31.423] (II) modeset(0): Modeline "320x180"x59.8    9.00  320 332 360 400  180 181 184 188 doublescan -hsync +vsync (22.5 kHz d)
[    31.423] (II) modeset(0): Modeline "320x180"x59.3    8.88  320 344 360 400  180 181 184 187 doublescan +hsync -vsync (22.2 kHz d)
[    31.423] (II) modeset(0): Output DP-1 disconnected
[    31.423] (II) modeset(0): Output HDMI-1 disconnected
[    31.423] (II) modeset(0): Output DP-2 disconnected
[    31.423] (II) modeset(0): Output HDMI-2 connected
[    31.423] (II) modeset(0): Using exact sizes for initial modes
[    31.423] (II) modeset(0): Output HDMI-2 using initial mode 3840x2160 +0+0
[    31.423] (==) modeset(0): Using gamma correction (1.0, 1.0, 1.0)
[    31.423] (==) modeset(0): DPI set to (96, 96)
[    31.423] (II) Loading sub module "fb"
[    31.423] (II) LoadModule: "fb"
[    31.423] (II) Module "fb" already built-in
[    31.423] (II) Loading sub module "shadow"
[    31.423] (II) LoadModule: "shadow"
[    31.423] (II) Loading /usr/lib64/xorg/modules/libshadow.so
[    31.423] (II) Module shadow: vendor="X.Org Foundation"
[    31.423] 	compiled for 1.21.1.16, module version = 1.1.0
[    31.423] 	ABI class: X.Org ANSI C Emulation, version 0.4
[    31.423] (II) UnloadModule: "vesa"
[    31.423] (II) Unloading vesa
[    31.423] (==) modeset(0): Backing store enabled
[    31.423] (==) modeset(0): Silken mouse enabled
[    31.443] (II) modeset(0): Initializing kms color map for depth 24, 8 bpc.
[    31.443] (==) modeset(0): DPMS enabled
[    31.443] (II) Initializing extension Generic Event Extension
[    31.443] (II) Initializing extension SHAPE
[    31.443] (II) Initializing extension MIT-SHM
[    31.443] (II) Initializing extension XInputExtension
[    31.443] (II) Initializing extension XTEST
[    31.443] (II) Initializing extension BIG-REQUESTS
[    31.443] (II) Initializing extension SYNC
[    31.443] (II) Initializing extension XKEYBOARD
[    31.443] (II) Initializing extension XC-MISC
[    31.443] (II) Initializing extension XFIXES
[    31.443] (II) Initializing extension RENDER
[    31.443] (II) Initializing extension RANDR
[    31.443] (II) Initializing extension COMPOSITE
[    31.443] (II) Initializing extension DAMAGE
[    31.443] (II) Initializing extension MIT-SCREEN-SAVER
[    31.443] (II) Initializing extension DOUBLE-BUFFER
[    31.443] (II) Initializing extension RECORD
[    31.443] (II) Initializing extension DPMS
[    31.443] (II) Initializing extension Present
[    31.443] (II) Initializing extension DRI3
[    31.443] (II) Initializing extension X-Resource
[    31.443] (II) Initializing extension XVideo
[    31.443] (II) Initializing extension XVideo-MotionCompensation
[    31.443] (II) Initializing extension GLX
[    31.443] (II) AIGLX: Screen 0 is not DRI2 capable
[    31.447] (II) IGLX: Loaded and initialized swrast
[    31.447] (II) GLX: Initialized DRISWRAST GL provider for screen 0
[    31.447] (II) Initializing extension XFree86-VidModeExtension
[    31.447] (II) Initializing extension XFree86-DGA
[    31.447] (II) Initializing extension XFree86-DRI
[    31.447] (II) Initializing extension DRI2
[    31.448] (II) modeset(0): Damage tracking initialized
[    31.448] (II) modeset(0): Setting screen physical size to 1016 x 571
[    31.494] (II) config/udev: Adding input device Power Button (/dev/input/event1)
[    31.494] (**) Power Button: Applying InputClass "evdev keyboard catchall"
[    31.494] (**) Power Button: Applying InputClass "libinput keyboard catchall"
[    31.494] (II) LoadModule: "libinput"
[    31.494] (II) Loading /usr/lib64/xorg/modules/input/libinput_drv.so
[    31.494] (II) Module libinput: vendor="X.Org Foundation"
[    31.494] 	compiled for 1.21.1.16, module version = 1.5.0
[    31.494] 	Module class: X.Org XInput Driver
[    31.494] 	ABI class: X.Org XInput driver, version 24.4
[    31.494] (II) Using input driver 'libinput' for 'Power Button'
[    31.495] (II) systemd-logind: got fd for /dev/input/event1 13:65 fd 21 paused 0
[    31.495] (**) Power Button: always reports core events
[    31.495] (**) Option "Device" "/dev/input/event1"
[    31.496] (II) event1  - Power Button: is tagged by udev as: Keyboard
[    31.496] (II) event1  - Power Button: device is a keyboard
[    31.496] (II) event1  - Power Button: device removed
[    31.496] (**) Option "config_info" "udev:/sys/devices/LNXSYSTM:00/LNXPWRBN:00/input/input1/event1"
[    31.496] (II) XINPUT: Adding extended input device "Power Button" (type: KEYBOARD, id 6)
[    31.497] (II) event1  - Power Button: is tagged by udev as: Keyboard
[    31.497] (II) event1  - Power Button: device is a keyboard
[    31.497] (II) config/udev: Adding input device Power Button (/dev/input/event0)
[    31.497] (**) Power Button: Applying InputClass "evdev keyboard catchall"
[    31.497] (**) Power Button: Applying InputClass "libinput keyboard catchall"
[    31.497] (II) Using input driver 'libinput' for 'Power Button'
[    31.497] (II) systemd-logind: got fd for /dev/input/event0 13:64 fd 24 paused 0
[    31.497] (**) Power Button: always reports core events
[    31.497] (**) Option "Device" "/dev/input/event0"
[    31.498] (II) event0  - Power Button: is tagged by udev as: Keyboard
[    31.498] (II) event0  - Power Button: device is a keyboard
[    31.498] (II) event0  - Power Button: device removed
[    31.498] (**) Option "config_info" "udev:/sys/devices/LNXSYSTM:00/LNXSYBUS:00/PNP0C0C:00/input/input0/event0"
[    31.498] (II) XINPUT: Adding extended input device "Power Button" (type: KEYBOARD, id 7)
[    31.499] (II) event0  - Power Button: is tagged by udev as: Keyboard
[    31.499] (II) event0  - Power Button: device is a keyboard
[    31.499] (II) config/udev: Adding input device Logitech USB Receiver (/dev/input/event6)
[    31.499] (**) Logitech USB Receiver: Applying InputClass "evdev keyboard catchall"
[    31.499] (**) Logitech USB Receiver: Applying InputClass "libinput keyboard catchall"
[    31.499] (II) Using input driver 'libinput' for 'Logitech USB Receiver'
[    31.500] (II) systemd-logind: got fd for /dev/input/event6 13:70 fd 25 paused 0
[    31.500] (**) Logitech USB Receiver: always reports core events
[    31.500] (**) Option "Device" "/dev/input/event6"
[    31.501] (II) event6  - Logitech USB Receiver: is tagged by udev as: Keyboard
[    31.501] (II) event6  - Logitech USB Receiver: device is a keyboard
[    31.501] (II) event6  - Logitech USB Receiver: device removed
[    31.501] (**) Option "config_info" "udev:/sys/devices/pci0000:00/0000:00:01.2/0000:02:00.0/usb1/1-1/1-1:1.0/0003:046D:C548.0004/input/input6/event6"
[    31.501] (II) XINPUT: Adding extended input device "Logitech USB Receiver" (type: KEYBOARD, id 8)
[    31.502] (II) event6  - Logitech USB Receiver: is tagged by udev as: Keyboard
[    31.502] (II) event6  - Logitech USB Receiver: device is a keyboard
[    31.503] (II) config/udev: Adding input device Logitech USB Receiver (/dev/input/event10)
[    31.503] (II) No input driver specified, ignoring this device.
[    31.503] (II) This device may have been added with another device file.
[    31.503] (II) config/udev: Adding input device Logitech USB Receiver Mouse (/dev/input/event7)
[    31.503] (**) Logitech USB Receiver Mouse: Applying InputClass "evdev pointer catchall"
[    31.503] (**) Logitech USB Receiver Mouse: Applying InputClass "libinput pointer catchall"
[    31.503] (II) Using input driver 'libinput' for 'Logitech USB Receiver Mouse'
[    31.503] (II) systemd-logind: got fd for /dev/input/event7 13:71 fd 26 paused 0
[    31.503] (**) Logitech USB Receiver Mouse: always reports core events
[    31.503] (**) Option "Device" "/dev/input/event7"
[    31.504] (II) event7  - Logitech USB Receiver Mouse: is tagged by udev as: Mouse
[    31.505] (II) event7  - Logitech USB Receiver Mouse: device set to 1000 DPI
[    31.505] (II) event7  - Logitech USB Receiver Mouse: device is a pointer
[    31.505] (II) event7  - Logitech USB Receiver Mouse: device removed
[    31.505] (II) libinput: Logitech USB Receiver Mouse: Step value 0 was provided, libinput Fallback acceleration function is used.
[    31.505] (II) libinput: Logitech USB Receiver Mouse: Step value 0 was provided, libinput Fallback acceleration function is used.
[    31.505] (II) libinput: Logitech USB Receiver Mouse: Step value 0 was provided, libinput Fallback acceleration function is used.
[    31.505] (**) Option "config_info" "udev:/sys/devices/pci0000:00/0000:00:01.2/0000:02:00.0/usb1/1-1/1-1:1.1/0003:046D:C548.0005/input/input7/event7"
[    31.505] (II) XINPUT: Adding extended input device "Logitech USB Receiver Mouse" (type: MOUSE, id 9)
[    31.505] (**) Option "AccelerationScheme" "none"
[    31.505] (**) Logitech USB Receiver Mouse: (accel) selected scheme none/0
[    31.505] (**) Logitech USB Receiver Mouse: (accel) acceleration factor: 2.000
[    31.505] (**) Logitech USB Receiver Mouse: (accel) acceleration threshold: 4
[    31.506] (II) event7  - Logitech USB Receiver Mouse: is tagged by udev as: Mouse
[    31.506] (II) event7  - Logitech USB Receiver Mouse: device set to 1000 DPI
[    31.506] (II) event7  - Logitech USB Receiver Mouse: device is a pointer
[    31.507] (II) config/udev: Adding input device Logitech USB Receiver Mouse (/dev/input/mouse1)
[    31.507] (II) No input driver specified, ignoring this device.
[    31.507] (II) This device may have been added with another device file.
[    31.507] (II) config/udev: Adding input device Logitech USB Receiver Consumer Control (/dev/input/event8)
[    31.507] (**) Logitech USB Receiver Consumer Control: Applying InputClass "evdev keyboard catchall"
[    31.507] (**) Logitech USB Receiver Consumer Control: Applying InputClass "libinput keyboard catchall"
[    31.507] (II) Using input driver 'libinput' for 'Logitech USB Receiver Consumer Control'
[    31.507] (II) systemd-logind: got fd for /dev/input/event8 13:72 fd 27 paused 0
[    31.507] (**) Logitech USB Receiver Consumer Control: always reports core events
[    31.507] (**) Option "Device" "/dev/input/event8"
[    31.508] (II) event8  - Logitech USB Receiver Consumer Control: is tagged by udev as: Keyboard
[    31.509] (II) event8  - Logitech USB Receiver Consumer Control: device is a keyboard
[    31.509] (II) event8  - Logitech USB Receiver Consumer Control: device removed
[    31.509] (II) libinput: Logitech USB Receiver Consumer Control: needs a virtual subdevice
[    31.509] (**) Option "config_info" "udev:/sys/devices/pci0000:00/0000:00:01.2/0000:02:00.0/usb1/1-1/1-1:1.1/0003:046D:C548.0005/input/input8/event8"
[    31.509] (II) XINPUT: Adding extended input device "Logitech USB Receiver Consumer Control" (type: MOUSE, id 10)
[    31.509] (**) Option "AccelerationScheme" "none"
[    31.509] (**) Logitech USB Receiver Consumer Control: (accel) selected scheme none/0
[    31.509] (**) Logitech USB Receiver Consumer Control: (accel) acceleration factor: 2.000
[    31.509] (**) Logitech USB Receiver Consumer Control: (accel) acceleration threshold: 4
[    31.510] (II) event8  - Logitech USB Receiver Consumer Control: is tagged by udev as: Keyboard
[    31.510] (II) event8  - Logitech USB Receiver Consumer Control: device is a keyboard
[    31.510] (II) config/udev: Adding input device Logitech USB Receiver System Control (/dev/input/event9)
[    31.510] (**) Logitech USB Receiver System Control: Applying InputClass "evdev keyboard catchall"
[    31.510] (**) Logitech USB Receiver System Control: Applying InputClass "libinput keyboard catchall"
[    31.510] (II) Using input driver 'libinput' for 'Logitech USB Receiver System Control'
[    31.511] (II) systemd-logind: got fd for /dev/input/event9 13:73 fd 28 paused 0
[    31.511] (**) Logitech USB Receiver System Control: always reports core events
[    31.511] (**) Option "Device" "/dev/input/event9"
[    31.512] (II) event9  - Logitech USB Receiver System Control: is tagged by udev as: Keyboard
[    31.512] (II) event9  - Logitech USB Receiver System Control: device is a keyboard
[    31.512] (II) event9  - Logitech USB Receiver System Control: device removed
[    31.512] (**) Option "config_info" "udev:/sys/devices/pci0000:00/0000:00:01.2/0000:02:00.0/usb1/1-1/1-1:1.1/0003:046D:C548.0005/input/input9/event9"
[    31.512] (II) XINPUT: Adding extended input device "Logitech USB Receiver System Control" (type: KEYBOARD, id 11)
[    31.513] (II) event9  - Logitech USB Receiver System Control: is tagged by udev as: Keyboard
[    31.513] (II) event9  - Logitech USB Receiver System Control: device is a keyboard
[    31.514] (II) config/udev: Adding input device Logitech USB Receiver (/dev/input/event11)
[    31.514] (**) Logitech USB Receiver: Applying InputClass "evdev touchpad catchall"
[    31.514] (**) Logitech USB Receiver: Applying InputClass "libinput touchpad catchall"
[    31.514] (II) Using input driver 'libinput' for 'Logitech USB Receiver'
[    31.566] (II) systemd-logind: got fd for /dev/input/event11 13:75 fd 29 paused 0
[    31.566] (**) Logitech USB Receiver: always reports core events
[    31.566] (**) Option "Device" "/dev/input/event11"
[    31.567] (II) event11 - Logitech USB Receiver: is tagged by udev as: Touchpad
[    31.568] (II) event11 - Logitech USB Receiver: device is a touchpad
[    31.568] (II) event11 - Logitech USB Receiver: device removed
[    31.568] (II) libinput: Logitech USB Receiver: Step value 0 was provided, libinput Fallback acceleration function is used.
[    31.568] (II) libinput: Logitech USB Receiver: Step value 0 was provided, libinput Fallback acceleration function is used.
[    31.568] (II) libinput: Logitech USB Receiver: Step value 0 was provided, libinput Fallback acceleration function is used.
[    31.569] (**) Option "config_info" "udev:/sys/devices/pci0000:00/0000:00:01.2/0000:02:00.0/usb1/1-1/1-1:1.3/0003:046D:C548.0007/input/input12/event11"
[    31.569] (II) XINPUT: Adding extended input device "Logitech USB Receiver" (type: TOUCHPAD, id 12)
[    31.570] (**) Option "AccelerationScheme" "none"
[    31.570] (**) Logitech USB Receiver: (accel) selected scheme none/0
[    31.570] (**) Logitech USB Receiver: (accel) acceleration factor: 2.000
[    31.570] (**) Logitech USB Receiver: (accel) acceleration threshold: 4
[    31.571] (II) event11 - Logitech USB Receiver: is tagged by udev as: Touchpad
[    31.572] (II) event11 - Logitech USB Receiver: device is a touchpad
[    31.572] (II) config/udev: Adding input device Logitech USB Receiver (/dev/input/mouse2)
[    31.572] (II) No input driver specified, ignoring this device.
[    31.572] (II) This device may have been added with another device file.
[    31.573] (II) config/udev: Adding input device HDA NVidia HDMI/DP,pcm=3 (/dev/input/event14)
[    31.573] (II) No input driver specified, ignoring this device.
[    31.573] (II) This device may have been added with another device file.
[    31.573] (II) config/udev: Adding input device HDA NVidia HDMI/DP,pcm=7 (/dev/input/event15)
[    31.573] (II) No input driver specified, ignoring this device.
[    31.573] (II) This device may have been added with another device file.
[    31.573] (II) config/udev: Adding input device HDA NVidia HDMI/DP,pcm=8 (/dev/input/event16)
[    31.573] (II) No input driver specified, ignoring this device.
[    31.573] (II) This device may have been added with another device file.
[    31.574] (II) config/udev: Adding input device HDA NVidia HDMI/DP,pcm=9 (/dev/input/event17)
[    31.574] (II) No input driver specified, ignoring this device.
[    31.574] (II) This device may have been added with another device file.
[    31.574] (II) config/udev: Adding input device COMPANY  USB Device  (/dev/input/event2)
[    31.574] (**) COMPANY  USB Device : Applying InputClass "evdev keyboard catchall"
[    31.574] (**) COMPANY  USB Device : Applying InputClass "libinput keyboard catchall"
[    31.574] (II) Using input driver 'libinput' for 'COMPANY  USB Device '
[    31.575] (II) systemd-logind: got fd for /dev/input/event2 13:66 fd 30 paused 0
[    31.575] (**) COMPANY  USB Device : always reports core events
[    31.575] (**) Option "Device" "/dev/input/event2"
[    31.576] (II) event2  - COMPANY  USB Device : is tagged by udev as: Keyboard
[    31.576] (II) event2  - COMPANY  USB Device : device is a keyboard
[    31.576] (II) event2  - COMPANY  USB Device : device removed
[    31.576] (**) Option "config_info" "udev:/sys/devices/pci0000:00/0000:00:08.1/0000:09:00.3/usb3/3-1/3-1:1.0/0003:09DA:FAF1.0001/input/input2/event2"
[    31.576] (II) XINPUT: Adding extended input device "COMPANY  USB Device " (type: KEYBOARD, id 13)
[    31.577] (II) event2  - COMPANY  USB Device : is tagged by udev as: Keyboard
[    31.577] (II) event2  - COMPANY  USB Device : device is a keyboard
[    31.578] (II) config/udev: Adding input device COMPANY  USB Device  (/dev/input/event3)
[    31.578] (**) COMPANY  USB Device : Applying InputClass "evdev pointer catchall"
[    31.578] (**) COMPANY  USB Device : Applying InputClass "libinput pointer catchall"
[    31.578] (II) Using input driver 'libinput' for 'COMPANY  USB Device '
[    31.630] (II) systemd-logind: got fd for /dev/input/event3 13:67 fd 31 paused 0
[    31.630] (**) COMPANY  USB Device : always reports core events
[    31.630] (**) Option "Device" "/dev/input/event3"
[    31.631] (II) event3  - COMPANY  USB Device : is tagged by udev as: Mouse
[    31.631] (II) event3  - COMPANY  USB Device : device is a pointer
[    31.631] (II) event3  - COMPANY  USB Device : device removed
[    31.631] (II) libinput: COMPANY  USB Device : Step value 0 was provided, libinput Fallback acceleration function is used.
[    31.631] (II) libinput: COMPANY  USB Device : Step value 0 was provided, libinput Fallback acceleration function is used.
[    31.631] (II) libinput: COMPANY  USB Device : Step value 0 was provided, libinput Fallback acceleration function is used.
[    31.631] (**) Option "config_info" "udev:/sys/devices/pci0000:00/0000:00:08.1/0000:09:00.3/usb3/3-1/3-1:1.1/0003:09DA:FAF1.0002/input/input3/event3"
[    31.631] (II) XINPUT: Adding extended input device "COMPANY  USB Device " (type: MOUSE, id 14)
[    31.631] (**) Option "AccelerationScheme" "none"
[    31.631] (**) COMPANY  USB Device : (accel) selected scheme none/0
[    31.631] (**) COMPANY  USB Device : (accel) acceleration factor: 2.000
[    31.631] (**) COMPANY  USB Device : (accel) acceleration threshold: 4
[    31.632] (II) event3  - COMPANY  USB Device : is tagged by udev as: Mouse
[    31.632] (II) event3  - COMPANY  USB Device : device is a pointer
[    31.633] (II) config/udev: Adding input device COMPANY  USB Device  (/dev/input/mouse0)
[    31.633] (II) No input driver specified, ignoring this device.
[    31.633] (II) This device may have been added with another device file.
[    31.633] (II) config/udev: Adding input device COMPANY  USB Device  Keyboard (/dev/input/event4)
[    31.633] (**) COMPANY  USB Device  Keyboard: Applying InputClass "evdev keyboard catchall"
[    31.633] (**) COMPANY  USB Device  Keyboard: Applying InputClass "libinput keyboard catchall"
[    31.633] (II) Using input driver 'libinput' for 'COMPANY  USB Device  Keyboard'
[    31.633] (II) systemd-logind: got fd for /dev/input/event4 13:68 fd 32 paused 0
[    31.634] (**) COMPANY  USB Device  Keyboard: always reports core events
[    31.634] (**) Option "Device" "/dev/input/event4"
[    31.634] (II) event4  - COMPANY  USB Device  Keyboard: is tagged by udev as: Keyboard
[    31.635] (II) event4  - COMPANY  USB Device  Keyboard: device is a keyboard
[    31.635] (II) event4  - COMPANY  USB Device  Keyboard: device removed
[    31.635] (II) libinput: COMPANY  USB Device  Keyboard: needs a virtual subdevice
[    31.635] (**) Option "config_info" "udev:/sys/devices/pci0000:00/0000:00:08.1/0000:09:00.3/usb3/3-1/3-1:1.2/0003:09DA:FAF1.0003/input/input4/event4"
[    31.635] (II) XINPUT: Adding extended input device "COMPANY  USB Device  Keyboard" (type: MOUSE, id 15)
[    31.635] (**) Option "AccelerationScheme" "none"
[    31.635] (**) COMPANY  USB Device  Keyboard: (accel) selected scheme none/0
[    31.635] (**) COMPANY  USB Device  Keyboard: (accel) acceleration factor: 2.000
[    31.635] (**) COMPANY  USB Device  Keyboard: (accel) acceleration threshold: 4
[    31.636] (II) event4  - COMPANY  USB Device  Keyboard: is tagged by udev as: Keyboard
[    31.636] (II) event4  - COMPANY  USB Device  Keyboard: device is a keyboard
[    31.637] (II) config/udev: Adding input device COMPANY  USB Device  (/dev/input/event5)
[    31.637] (II) No input driver specified, ignoring this device.
[    31.637] (II) This device may have been added with another device file.
[    31.637] (II) config/udev: Adding input device HD-Audio Generic Rear Mic (/dev/input/event18)
[    31.637] (II) No input driver specified, ignoring this device.
[    31.637] (II) This device may have been added with another device file.
[    31.637] (II) config/udev: Adding input device HD-Audio Generic Front Mic (/dev/input/event19)
[    31.637] (II) No input driver specified, ignoring this device.
[    31.637] (II) This device may have been added with another device file.
[    31.637] (II) config/udev: Adding input device HD-Audio Generic Line (/dev/input/event20)
[    31.637] (II) No input driver specified, ignoring this device.
[    31.637] (II) This device may have been added with another device file.
[    31.638] (II) config/udev: Adding input device HD-Audio Generic Line Out Front (/dev/input/event21)
[    31.638] (II) No input driver specified, ignoring this device.
[    31.638] (II) This device may have been added with another device file.
[    31.638] (II) config/udev: Adding input device HD-Audio Generic Line Out Surround (/dev/input/event22)
[    31.638] (II) No input driver specified, ignoring this device.
[    31.638] (II) This device may have been added with another device file.
[    31.638] (II) config/udev: Adding input device HD-Audio Generic Line Out CLFE (/dev/input/event23)
[    31.638] (II) No input driver specified, ignoring this device.
[    31.638] (II) This device may have been added with another device file.
[    31.638] (II) config/udev: Adding input device HD-Audio Generic Front Headphone (/dev/input/event24)
[    31.638] (II) No input driver specified, ignoring this device.
[    31.638] (II) This device may have been added with another device file.
[    31.639] (II) config/udev: Adding input device Eee PC WMI hotkeys (/dev/input/event13)
[    31.639] (**) Eee PC WMI hotkeys: Applying InputClass "evdev keyboard catchall"
[    31.639] (**) Eee PC WMI hotkeys: Applying InputClass "libinput keyboard catchall"
[    31.639] (II) Using input driver 'libinput' for 'Eee PC WMI hotkeys'
[    31.639] (II) systemd-logind: got fd for /dev/input/event13 13:77 fd 33 paused 0
[    31.639] (**) Eee PC WMI hotkeys: always reports core events
[    31.639] (**) Option "Device" "/dev/input/event13"
[    31.639] (II) event13 - Eee PC WMI hotkeys: is tagged by udev as: Keyboard
[    31.639] (II) event13 - Eee PC WMI hotkeys: device is a keyboard
[    31.639] (II) event13 - Eee PC WMI hotkeys: device removed
[    31.639] (**) Option "config_info" "udev:/sys/devices/platform/eeepc-wmi/input/input14/event13"
[    31.639] (II) XINPUT: Adding extended input device "Eee PC WMI hotkeys" (type: KEYBOARD, id 16)
[    31.640] (II) event13 - Eee PC WMI hotkeys: is tagged by udev as: Keyboard
[    31.640] (II) event13 - Eee PC WMI hotkeys: device is a keyboard
[    31.640] (II) config/udev: Adding input device PC Speaker (/dev/input/event12)
[    31.640] (II) No input driver specified, ignoring this device.
[    31.640] (II) This device may have been added with another device file.
[    31.645] (**) Logitech USB Receiver Consumer Control: Applying InputClass "evdev keyboard catchall"
[    31.645] (**) Logitech USB Receiver Consumer Control: Applying InputClass "libinput keyboard catchall"
[    31.645] (II) Using input driver 'libinput' for 'Logitech USB Receiver Consumer Control'
[    31.645] (II) systemd-logind: returning pre-existing fd for /dev/input/event8 13:72
[    31.645] (**) Logitech USB Receiver Consumer Control: always reports core events
[    31.645] (**) Option "Device" "/dev/input/event8"
[    31.645] (II) libinput: Logitech USB Receiver Consumer Control: is a virtual subdevice
[    31.645] (**) Option "config_info" "udev:/sys/devices/pci0000:00/0000:00:01.2/0000:02:00.0/usb1/1-1/1-1:1.1/0003:046D:C548.0005/input/input8/event8"
[    31.645] (II) XINPUT: Adding extended input device "Logitech USB Receiver Consumer Control" (type: KEYBOARD, id 17)
[    31.645] (**) COMPANY  USB Device  Keyboard: Applying InputClass "evdev keyboard catchall"
[    31.645] (**) COMPANY  USB Device  Keyboard: Applying InputClass "libinput keyboard catchall"
[    31.645] (II) Using input driver 'libinput' for 'COMPANY  USB Device  Keyboard'
[    31.645] (II) systemd-logind: returning pre-existing fd for /dev/input/event4 13:68
[    31.645] (**) COMPANY  USB Device  Keyboard: always reports core events
[    31.645] (**) Option "Device" "/dev/input/event4"
[    31.645] (II) libinput: COMPANY  USB Device  Keyboard: is a virtual subdevice
[    31.645] (**) Option "config_info" "udev:/sys/devices/pci0000:00/0000:00:08.1/0000:09:00.3/usb3/3-1/3-1:1.2/0003:09DA:FAF1.0003/input/input4/event4"
[    31.645] (II) XINPUT: Adding extended input device "COMPANY  USB Device  Keyboard" (type: KEYBOARD, id 18)
[    31.652] (II) modeset(0): Disabling kernel dirty updates, not required.
[    31.715] (**) Option "fd" "21"
[    31.715] (II) event1  - Power Button: device removed
[    31.715] (**) Option "fd" "24"
[    31.715] (II) event0  - Power Button: device removed
[    31.715] (**) Option "fd" "25"
[    31.715] (II) event6  - Logitech USB Receiver: device removed
[    31.715] (**) Option "fd" "26"
[    31.715] (II) event7  - Logitech USB Receiver Mouse: device removed
[    31.715] (**) Option "fd" "27"
[    31.715] (**) Option "fd" "28"
[    31.715] (II) event9  - Logitech USB Receiver System Control: device removed
[    31.715] (**) Option "fd" "29"
[    31.715] (II) event11 - Logitech USB Receiver: device removed
[    31.715] (**) Option "fd" "30"
[    31.715] (II) event2  - COMPANY  USB Device : device removed
[    31.715] (**) Option "fd" "31"
[    31.715] (II) event3  - COMPANY  USB Device : device removed
[    31.715] (**) Option "fd" "32"
[    31.715] (**) Option "fd" "33"
[    31.715] (II) event13 - Eee PC WMI hotkeys: device removed
[    31.715] (**) Option "fd" "27"
[    31.715] (II) event8  - Logitech USB Receiver Consumer Control: device removed
[    31.715] (**) Option "fd" "32"
[    31.715] (II) event4  - COMPANY  USB Device  Keyboard: device removed
[    31.715] (II) UnloadModule: "libinput"
[    31.715] (II) systemd-logind: not releasing fd for 13:68, still in use
[    31.715] (II) UnloadModule: "libinput"
[    31.715] (II) systemd-logind: not releasing fd for 13:72, still in use
[    31.715] (II) UnloadModule: "libinput"
[    31.715] (II) systemd-logind: releasing fd for 13:77
[    31.806] (II) UnloadModule: "libinput"
[    31.806] (II) systemd-logind: releasing fd for 13:68
[    31.833] (II) UnloadModule: "libinput"
[    31.833] (II) systemd-logind: releasing fd for 13:67
[    31.890] (II) UnloadModule: "libinput"
[    31.890] (II) systemd-logind: releasing fd for 13:66
[    31.916] (II) UnloadModule: "libinput"
[    31.916] (II) systemd-logind: releasing fd for 13:75
[    31.973] (II) UnloadModule: "libinput"
[    31.973] (II) systemd-logind: releasing fd for 13:73
[    32.000] (II) UnloadModule: "libinput"
[    32.000] (II) systemd-logind: releasing fd for 13:72
[    32.030] (II) UnloadModule: "libinput"
[    32.030] (II) systemd-logind: releasing fd for 13:71
[    32.086] (II) UnloadModule: "libinput"
[    32.086] (II) systemd-logind: releasing fd for 13:70
[    32.116] (II) UnloadModule: "libinput"
[    32.116] (II) systemd-logind: releasing fd for 13:64
[    32.150] (II) UnloadModule: "libinput"
[    32.150] (II) systemd-logind: releasing fd for 13:65
[    32.216] (II) Server terminated successfully (0). Closing log file.
